2023-05-22 15:46:09,762 [Worker-0: Loading available Gradle versions] INFO  o.e.b.c.i.u.g.PublishedGradleVersions - Gradle version information cache is out-of-date. Trying to update.
2023-05-22 15:48:43,027 [Worker-2: Launching mavenrun-d613e5b3-db72-48af-9b6f-1d2f81874b2f] INFO  o.eclipse.m2e.core.internal.Bundles - getClasspathEntries(Bundle=org.eclipse.m2e.maven.runtime_3.8.701.20230209-1606 [607])
2023-05-22 15:48:43,052 [Worker-2: Launching mavenrun-d613e5b3-db72-48af-9b6f-1d2f81874b2f] INFO  o.eclipse.m2e.core.internal.Bundles - 	Entry: C:\Users\Mani bharathi Raja\.p2\pool\plugins\org.eclipse.m2e.maven.runtime_3.8.701.20230209-1606
2023-05-22 15:48:43,053 [Worker-2: Launching mavenrun-d613e5b3-db72-48af-9b6f-1d2f81874b2f] INFO  o.eclipse.m2e.core.internal.Bundles - 	Entry: C:\Users\Mani bharathi Raja\.p2\pool\plugins\org.eclipse.m2e.maven.runtime_3.8.701.20230209-1606\jars\aether-connector-okhttp-0.17.8.jar
2023-05-22 15:48:43,055 [Worker-2: Launching mavenrun-d613e5b3-db72-48af-9b6f-1d2f81874b2f] INFO  o.eclipse.m2e.core.internal.Bundles - 	Entry: C:\Users\Mani bharathi Raja\.p2\pool\plugins\org.eclipse.m2e.maven.runtime_3.8.701.20230209-1606\jars\commons-lang3-3.8.1.jar
2023-05-22 15:48:43,056 [Worker-2: Launching mavenrun-d613e5b3-db72-48af-9b6f-1d2f81874b2f] INFO  o.eclipse.m2e.core.internal.Bundles - 	Entry: C:\Users\Mani bharathi Raja\.p2\pool\plugins\org.eclipse.m2e.maven.runtime_3.8.701.20230209-1606\jars\guice-4.2.2-no_aop.jar
2023-05-22 15:48:43,086 [Worker-2: Launching mavenrun-d613e5b3-db72-48af-9b6f-1d2f81874b2f] INFO  o.eclipse.m2e.core.internal.Bundles - 	Entry: C:\Users\Mani bharathi Raja\.p2\pool\plugins\org.eclipse.m2e.maven.runtime_3.8.701.20230209-1606\jars\jansi-2.4.0.jar
2023-05-22 15:48:43,087 [Worker-2: Launching mavenrun-d613e5b3-db72-48af-9b6f-1d2f81874b2f] INFO  o.eclipse.m2e.core.internal.Bundles - 	Entry: C:\Users\Mani bharathi Raja\.p2\pool\plugins\org.eclipse.m2e.maven.runtime_3.8.701.20230209-1606\jars\maven-artifact-3.8.7.jar
2023-05-22 15:48:43,088 [Worker-2: Launching mavenrun-d613e5b3-db72-48af-9b6f-1d2f81874b2f] INFO  o.eclipse.m2e.core.internal.Bundles - 	Entry: C:\Users\Mani bharathi Raja\.p2\pool\plugins\org.eclipse.m2e.maven.runtime_3.8.701.20230209-1606\jars\maven-builder-support-3.8.7.jar
2023-05-22 15:48:43,089 [Worker-2: Launching mavenrun-d613e5b3-db72-48af-9b6f-1d2f81874b2f] INFO  o.eclipse.m2e.core.internal.Bundles - 	Entry: C:\Users\Mani bharathi Raja\.p2\pool\plugins\org.eclipse.m2e.maven.runtime_3.8.701.20230209-1606\jars\maven-compat-3.8.7.jar
2023-05-22 15:48:43,090 [Worker-2: Launching mavenrun-d613e5b3-db72-48af-9b6f-1d2f81874b2f] INFO  o.eclipse.m2e.core.internal.Bundles - 	Entry: C:\Users\Mani bharathi Raja\.p2\pool\plugins\org.eclipse.m2e.maven.runtime_3.8.701.20230209-1606\jars\maven-core-3.8.7.jar
2023-05-22 15:48:43,090 [Worker-2: Launching mavenrun-d613e5b3-db72-48af-9b6f-1d2f81874b2f] INFO  o.eclipse.m2e.core.internal.Bundles - 	Entry: C:\Users\Mani bharathi Raja\.p2\pool\plugins\org.eclipse.m2e.maven.runtime_3.8.701.20230209-1606\jars\maven-embedder-3.8.7.jar
2023-05-22 15:48:43,091 [Worker-2: Launching mavenrun-d613e5b3-db72-48af-9b6f-1d2f81874b2f] INFO  o.eclipse.m2e.core.internal.Bundles - 	Entry: C:\Users\Mani bharathi Raja\.p2\pool\plugins\org.eclipse.m2e.maven.runtime_3.8.701.20230209-1606\jars\maven-model-3.8.7.jar
2023-05-22 15:48:43,091 [Worker-2: Launching mavenrun-d613e5b3-db72-48af-9b6f-1d2f81874b2f] INFO  o.eclipse.m2e.core.internal.Bundles - 	Entry: C:\Users\Mani bharathi Raja\.p2\pool\plugins\org.eclipse.m2e.maven.runtime_3.8.701.20230209-1606\jars\maven-model-builder-3.8.7.jar
2023-05-22 15:48:43,092 [Worker-2: Launching mavenrun-d613e5b3-db72-48af-9b6f-1d2f81874b2f] INFO  o.eclipse.m2e.core.internal.Bundles - 	Entry: C:\Users\Mani bharathi Raja\.p2\pool\plugins\org.eclipse.m2e.maven.runtime_3.8.701.20230209-1606\jars\maven-plugin-api-3.8.7.jar
2023-05-22 15:48:43,092 [Worker-2: Launching mavenrun-d613e5b3-db72-48af-9b6f-1d2f81874b2f] INFO  o.eclipse.m2e.core.internal.Bundles - 	Entry: C:\Users\Mani bharathi Raja\.p2\pool\plugins\org.eclipse.m2e.maven.runtime_3.8.701.20230209-1606\jars\maven-repository-metadata-3.8.7.jar
2023-05-22 15:48:43,093 [Worker-2: Launching mavenrun-d613e5b3-db72-48af-9b6f-1d2f81874b2f] INFO  o.eclipse.m2e.core.internal.Bundles - 	Entry: C:\Users\Mani bharathi Raja\.p2\pool\plugins\org.eclipse.m2e.maven.runtime_3.8.701.20230209-1606\jars\maven-resolver-api-1.6.3.jar
2023-05-22 15:48:43,094 [Worker-2: Launching mavenrun-d613e5b3-db72-48af-9b6f-1d2f81874b2f] INFO  o.eclipse.m2e.core.internal.Bundles - 	Entry: C:\Users\Mani bharathi Raja\.p2\pool\plugins\org.eclipse.m2e.maven.runtime_3.8.701.20230209-1606\jars\maven-resolver-connector-basic-1.6.3.jar
2023-05-22 15:48:43,094 [Worker-2: Launching mavenrun-d613e5b3-db72-48af-9b6f-1d2f81874b2f] INFO  o.eclipse.m2e.core.internal.Bundles - 	Entry: C:\Users\Mani bharathi Raja\.p2\pool\plugins\org.eclipse.m2e.maven.runtime_3.8.701.20230209-1606\jars\maven-resolver-impl-1.6.3.jar
2023-05-22 15:48:43,095 [Worker-2: Launching mavenrun-d613e5b3-db72-48af-9b6f-1d2f81874b2f] INFO  o.eclipse.m2e.core.internal.Bundles - 	Entry: C:\Users\Mani bharathi Raja\.p2\pool\plugins\org.eclipse.m2e.maven.runtime_3.8.701.20230209-1606\jars\maven-resolver-provider-3.8.7.jar
2023-05-22 15:48:43,096 [Worker-2: Launching mavenrun-d613e5b3-db72-48af-9b6f-1d2f81874b2f] INFO  o.eclipse.m2e.core.internal.Bundles - 	Entry: C:\Users\Mani bharathi Raja\.p2\pool\plugins\org.eclipse.m2e.maven.runtime_3.8.701.20230209-1606\jars\maven-resolver-spi-1.6.3.jar
2023-05-22 15:48:43,097 [Worker-2: Launching mavenrun-d613e5b3-db72-48af-9b6f-1d2f81874b2f] INFO  o.eclipse.m2e.core.internal.Bundles - 	Entry: C:\Users\Mani bharathi Raja\.p2\pool\plugins\org.eclipse.m2e.maven.runtime_3.8.701.20230209-1606\jars\maven-resolver-transport-wagon-1.6.3.jar
2023-05-22 15:48:43,097 [Worker-2: Launching mavenrun-d613e5b3-db72-48af-9b6f-1d2f81874b2f] INFO  o.eclipse.m2e.core.internal.Bundles - 	Entry: C:\Users\Mani bharathi Raja\.p2\pool\plugins\org.eclipse.m2e.maven.runtime_3.8.701.20230209-1606\jars\maven-resolver-util-1.6.3.jar
2023-05-22 15:48:43,098 [Worker-2: Launching mavenrun-d613e5b3-db72-48af-9b6f-1d2f81874b2f] INFO  o.eclipse.m2e.core.internal.Bundles - 	Entry: C:\Users\Mani bharathi Raja\.p2\pool\plugins\org.eclipse.m2e.maven.runtime_3.8.701.20230209-1606\jars\maven-settings-3.8.7.jar
2023-05-22 15:48:43,098 [Worker-2: Launching mavenrun-d613e5b3-db72-48af-9b6f-1d2f81874b2f] INFO  o.eclipse.m2e.core.internal.Bundles - 	Entry: C:\Users\Mani bharathi Raja\.p2\pool\plugins\org.eclipse.m2e.maven.runtime_3.8.701.20230209-1606\jars\maven-settings-builder-3.8.7.jar
2023-05-22 15:48:43,099 [Worker-2: Launching mavenrun-d613e5b3-db72-48af-9b6f-1d2f81874b2f] INFO  o.eclipse.m2e.core.internal.Bundles - 	Entry: C:\Users\Mani bharathi Raja\.p2\pool\plugins\org.eclipse.m2e.maven.runtime_3.8.701.20230209-1606\jars\maven-shared-utils-3.3.4.jar
2023-05-22 15:48:43,101 [Worker-2: Launching mavenrun-d613e5b3-db72-48af-9b6f-1d2f81874b2f] INFO  o.eclipse.m2e.core.internal.Bundles - 	Entry: C:\Users\Mani bharathi Raja\.p2\pool\plugins\org.eclipse.m2e.maven.runtime_3.8.701.20230209-1606\jars\okhttp-3.14.1.jar
2023-05-22 15:48:43,141 [Worker-2: Launching mavenrun-d613e5b3-db72-48af-9b6f-1d2f81874b2f] INFO  o.eclipse.m2e.core.internal.Bundles - 	Entry: C:\Users\Mani bharathi Raja\.p2\pool\plugins\org.eclipse.m2e.maven.runtime_3.8.701.20230209-1606\jars\okio-1.17.3.jar
2023-05-22 15:48:43,141 [Worker-2: Launching mavenrun-d613e5b3-db72-48af-9b6f-1d2f81874b2f] INFO  o.eclipse.m2e.core.internal.Bundles - 	Entry: C:\Users\Mani bharathi Raja\.p2\pool\plugins\org.eclipse.m2e.maven.runtime_3.8.701.20230209-1606\jars\org.eclipse.sisu.inject-0.3.5.jar
2023-05-22 15:48:43,142 [Worker-2: Launching mavenrun-d613e5b3-db72-48af-9b6f-1d2f81874b2f] INFO  o.eclipse.m2e.core.internal.Bundles - 	Entry: C:\Users\Mani bharathi Raja\.p2\pool\plugins\org.eclipse.m2e.maven.runtime_3.8.701.20230209-1606\jars\org.eclipse.sisu.plexus-0.3.5.jar
2023-05-22 15:48:43,143 [Worker-2: Launching mavenrun-d613e5b3-db72-48af-9b6f-1d2f81874b2f] INFO  o.eclipse.m2e.core.internal.Bundles - 	Entry: C:\Users\Mani bharathi Raja\.p2\pool\plugins\org.eclipse.m2e.maven.runtime_3.8.701.20230209-1606\jars\plexus-build-api-0.0.7.jar
2023-05-22 15:48:43,144 [Worker-2: Launching mavenrun-d613e5b3-db72-48af-9b6f-1d2f81874b2f] INFO  o.eclipse.m2e.core.internal.Bundles - 	Entry: C:\Users\Mani bharathi Raja\.p2\pool\plugins\org.eclipse.m2e.maven.runtime_3.8.701.20230209-1606\jars\plexus-cipher-2.0.jar
2023-05-22 15:48:43,145 [Worker-2: Launching mavenrun-d613e5b3-db72-48af-9b6f-1d2f81874b2f] INFO  o.eclipse.m2e.core.internal.Bundles - 	Entry: C:\Users\Mani bharathi Raja\.p2\pool\plugins\org.eclipse.m2e.maven.runtime_3.8.701.20230209-1606\jars\plexus-classworlds-2.6.0.jar
2023-05-22 15:48:43,146 [Worker-2: Launching mavenrun-d613e5b3-db72-48af-9b6f-1d2f81874b2f] INFO  o.eclipse.m2e.core.internal.Bundles - 	Entry: C:\Users\Mani bharathi Raja\.p2\pool\plugins\org.eclipse.m2e.maven.runtime_3.8.701.20230209-1606\jars\plexus-component-annotations-2.1.0.jar
2023-05-22 15:48:43,146 [Worker-2: Launching mavenrun-d613e5b3-db72-48af-9b6f-1d2f81874b2f] INFO  o.eclipse.m2e.core.internal.Bundles - 	Entry: C:\Users\Mani bharathi Raja\.p2\pool\plugins\org.eclipse.m2e.maven.runtime_3.8.701.20230209-1606\jars\plexus-interpolation-1.26.jar
2023-05-22 15:48:43,147 [Worker-2: Launching mavenrun-d613e5b3-db72-48af-9b6f-1d2f81874b2f] INFO  o.eclipse.m2e.core.internal.Bundles - 	Entry: C:\Users\Mani bharathi Raja\.p2\pool\plugins\org.eclipse.m2e.maven.runtime_3.8.701.20230209-1606\jars\plexus-sec-dispatcher-2.0.jar
2023-05-22 15:48:43,149 [Worker-2: Launching mavenrun-d613e5b3-db72-48af-9b6f-1d2f81874b2f] INFO  o.eclipse.m2e.core.internal.Bundles - 	Entry: C:\Users\Mani bharathi Raja\.p2\pool\plugins\org.eclipse.m2e.maven.runtime_3.8.701.20230209-1606\jars\plexus-utils-3.3.1.jar
2023-05-22 15:48:43,151 [Worker-2: Launching mavenrun-d613e5b3-db72-48af-9b6f-1d2f81874b2f] INFO  o.eclipse.m2e.core.internal.Bundles - 	Entry: C:\Users\Mani bharathi Raja\.p2\pool\plugins\org.eclipse.m2e.maven.runtime_3.8.701.20230209-1606\jars\wagon-file-3.5.3.jar
2023-05-22 15:48:43,152 [Worker-2: Launching mavenrun-d613e5b3-db72-48af-9b6f-1d2f81874b2f] INFO  o.eclipse.m2e.core.internal.Bundles - 	Entry: C:\Users\Mani bharathi Raja\.p2\pool\plugins\org.eclipse.m2e.maven.runtime_3.8.701.20230209-1606\jars\wagon-provider-api-3.5.3.jar
2023-05-22 15:48:43,156 [Worker-2: Launching mavenrun-d613e5b3-db72-48af-9b6f-1d2f81874b2f] INFO  o.eclipse.m2e.core.internal.Bundles - getClasspathEntries(Bundle=com.google.guava_31.1.0.jre [11])
2023-05-22 15:48:43,158 [Worker-2: Launching mavenrun-d613e5b3-db72-48af-9b6f-1d2f81874b2f] INFO  o.eclipse.m2e.core.internal.Bundles - 	Entry: C:\Users\Mani bharathi Raja\.p2\pool\plugins\com.google.guava_31.1.0.jre.jar
2023-05-22 15:48:43,159 [Worker-2: Launching mavenrun-d613e5b3-db72-48af-9b6f-1d2f81874b2f] INFO  o.eclipse.m2e.core.internal.Bundles - getClasspathEntries(Bundle=slf4j.api_1.7.36 [921])
2023-05-22 15:48:43,169 [Worker-2: Launching mavenrun-d613e5b3-db72-48af-9b6f-1d2f81874b2f] INFO  o.eclipse.m2e.core.internal.Bundles - 	Entry: C:\Users\Mani bharathi Raja\.p2\pool\plugins\slf4j.api_1.7.36.jar
2023-05-22 15:48:43,170 [Worker-2: Launching mavenrun-d613e5b3-db72-48af-9b6f-1d2f81874b2f] INFO  o.eclipse.m2e.core.internal.Bundles - getClasspathEntries(Bundle=javax.inject_1.0.0.v20220405-0441 [35])
2023-05-22 15:48:43,174 [Worker-2: Launching mavenrun-d613e5b3-db72-48af-9b6f-1d2f81874b2f] INFO  o.eclipse.m2e.core.internal.Bundles - 	Entry: C:\Users\Mani bharathi Raja\.p2\pool\plugins\javax.inject_1.0.0.v20220405-0441.jar
2023-05-22 15:48:43,174 [Worker-2: Launching mavenrun-d613e5b3-db72-48af-9b6f-1d2f81874b2f] INFO  o.eclipse.m2e.core.internal.Bundles - getClasspathEntries(Bundle=javax.annotation_1.3.5.v20221203-1659 [33])
2023-05-22 15:48:43,177 [Worker-2: Launching mavenrun-d613e5b3-db72-48af-9b6f-1d2f81874b2f] INFO  o.eclipse.m2e.core.internal.Bundles - 	Entry: C:\Users\Mani bharathi Raja\.p2\pool\plugins\javax.annotation_1.3.5.v20221203-1659.jar
2023-05-22 15:48:43,177 [Worker-2: Launching mavenrun-d613e5b3-db72-48af-9b6f-1d2f81874b2f] INFO  o.eclipse.m2e.core.internal.Bundles - getClasspathEntries(Bundle=org.apache.commons.cli_1.4.0.v20221112-0806 [67])
2023-05-22 15:48:43,179 [Worker-2: Launching mavenrun-d613e5b3-db72-48af-9b6f-1d2f81874b2f] INFO  o.eclipse.m2e.core.internal.Bundles - 	Entry: C:\Users\Mani bharathi Raja\.p2\pool\plugins\org.apache.commons.cli_1.4.0.v20221112-0806.jar
2023-05-22 15:48:43,179 [Worker-2: Launching mavenrun-d613e5b3-db72-48af-9b6f-1d2f81874b2f] INFO  o.eclipse.m2e.core.internal.Bundles - getClasspathEntries(Bundle=com.google.guava.failureaccess_1.0.1 [13])
2023-05-22 15:48:43,182 [Worker-2: Launching mavenrun-d613e5b3-db72-48af-9b6f-1d2f81874b2f] INFO  o.eclipse.m2e.core.internal.Bundles - 	Entry: C:\Users\Mani bharathi Raja\.p2\pool\plugins\com.google.guava.failureaccess_1.0.1.jar
2023-05-22 15:48:43,203 [Worker-2: Launching mavenrun-d613e5b3-db72-48af-9b6f-1d2f81874b2f] INFO  o.e.m.i.launch.MavenLaunchDelegate - Run build in "C:\Users\MANIBH~1\AppData\Local\Temp\m2e-archetypeGenerator9338405648042205402":
2023-05-22 15:48:43,211 [Worker-2: Launching mavenrun-d613e5b3-db72-48af-9b6f-1d2f81874b2f] INFO  o.e.m.i.launch.MavenLaunchDelegate -  mvn  -DarchetypeGroupId=org.apache.maven.archetypes -DarchetypeArtifactId=maven-archetype-webapp -DarchetypeVersion=1.4 -DgroupId=com.goSpring -DartifactId=MySpringmvc-project -Dversion=0.0.1-SNAPSHOT -Dpackage=com.goSpring.MySpringmvc_project -DoutputDirectory="C:\Users\Mani bharathi Raja\Desktop\SpringMVC" -Dstyle.color=always -U archetype:generate
2023-05-22 15:49:22,653 [Worker-8: Creating maven-archetype-webapp] INFO  o.e.m.c.i.p.ProjectConfigurationManager - Collecting project info '/pom.xml' C:\Users\Mani bharathi Raja\Desktop\SpringMVC\MySpringmvc-project\pom.xml
2023-05-22 15:49:26,688 [Worker-8: Creating maven-archetype-webapp] INFO  o.e.m.c.i.l.LifecycleMappingFactory - Using org.maven.ide.eclipse.wtp.WarLifecycleMapping lifecycle mapping for MavenProject: com.goSpring:MySpringmvc-project:0.0.1-SNAPSHOT @ C:\Users\Mani bharathi Raja\Desktop\SpringMVC\MySpringmvc-project\pom.xml.
2023-05-22 15:49:30,175 [Worker-8: Creating maven-archetype-webapp] INFO  o.e.m.j.i.AbstractJavaProjectConfigurator - Adding source folder /MySpringmvc-project/src/main/java
2023-05-22 15:49:30,177 [Worker-8: Creating maven-archetype-webapp] INFO  o.e.m.j.i.AbstractJavaProjectConfigurator - Adding source folder /MySpringmvc-project/src/test/java
2023-05-22 15:49:38,259 [Worker-8: Creating maven-archetype-webapp] INFO  o.e.m.c.i.p.ProjectConfigurationManager - Imported and configured 1 project(s) in 15 sec
2023-05-22 15:49:40,570 [Worker-11: Building] INFO  o.e.m.c.i.embedder.EclipseLogger - Using 'UTF-8' encoding to copy filtered resources.
2023-05-22 15:49:40,571 [Worker-11: Building] INFO  o.e.m.c.i.embedder.EclipseLogger - skip non existing resourceDirectory C:\Users\Mani bharathi Raja\Desktop\SpringMVC\MySpringmvc-project\src\main\resources
2023-05-22 15:49:40,579 [Worker-11: Building] INFO  o.e.m.c.i.embedder.EclipseLogger - Using 'UTF-8' encoding to copy filtered resources.
2023-05-22 15:49:40,581 [Worker-11: Building] INFO  o.e.m.c.i.embedder.EclipseLogger - skip non existing resourceDirectory C:\Users\Mani bharathi Raja\Desktop\SpringMVC\MySpringmvc-project\src\test\resources
2023-05-22 15:51:47,101 [Worker-9: Building] INFO  o.e.m.c.i.embedder.EclipseLogger - Using 'UTF-8' encoding to copy filtered resources.
2023-05-22 15:51:47,102 [Worker-9: Building] INFO  o.e.m.c.i.embedder.EclipseLogger - skip non existing resourceDirectory C:\Users\Mani bharathi Raja\Desktop\SpringMVC\MySpringmvc-project\src\main\resources
2023-05-22 15:51:47,193 [Worker-9: Building] INFO  o.e.m.c.i.embedder.EclipseLogger - Using 'UTF-8' encoding to copy filtered resources.
2023-05-22 15:51:47,193 [Worker-9: Building] INFO  o.e.m.c.i.embedder.EclipseLogger - skip non existing resourceDirectory C:\Users\Mani bharathi Raja\Desktop\SpringMVC\MySpringmvc-project\src\test\resources
2023-05-22 15:51:50,206 [Worker-6: Building] INFO  o.e.m.c.i.embedder.EclipseLogger - Using 'UTF-8' encoding to copy filtered resources.
2023-05-22 15:51:50,207 [Worker-6: Building] INFO  o.e.m.c.i.embedder.EclipseLogger - skip non existing resourceDirectory C:\Users\Mani bharathi Raja\Desktop\SpringMVC\MySpringmvc-project\src\main\resources
2023-05-22 15:51:50,214 [Worker-6: Building] INFO  o.e.m.c.i.embedder.EclipseLogger - Using 'UTF-8' encoding to copy filtered resources.
2023-05-22 15:51:50,215 [Worker-6: Building] INFO  o.e.m.c.i.embedder.EclipseLogger - skip non existing resourceDirectory C:\Users\Mani bharathi Raja\Desktop\SpringMVC\MySpringmvc-project\src\test\resources
2023-05-22 15:54:37,712 [Worker-12: Building] INFO  o.e.m.c.i.embedder.EclipseLogger - Using 'UTF-8' encoding to copy filtered resources.
2023-05-22 15:54:37,714 [Worker-12: Building] INFO  o.e.m.c.i.embedder.EclipseLogger - skip non existing resourceDirectory C:\Users\Mani bharathi Raja\Desktop\SpringMVC\MySpringmvc-project\src\main\resources
2023-05-22 15:54:37,752 [Worker-12: Building] INFO  o.e.m.c.i.embedder.EclipseLogger - Using 'UTF-8' encoding to copy filtered resources.
2023-05-22 15:54:37,753 [Worker-12: Building] INFO  o.e.m.c.i.embedder.EclipseLogger - skip non existing resourceDirectory C:\Users\Mani bharathi Raja\Desktop\SpringMVC\MySpringmvc-project\src\test\resources
2023-05-22 15:54:52,462 [Worker-17: Building] INFO  o.e.m.c.i.embedder.EclipseLogger - Using 'UTF-8' encoding to copy filtered resources.
2023-05-22 15:54:52,463 [Worker-17: Building] INFO  o.e.m.c.i.embedder.EclipseLogger - skip non existing resourceDirectory C:\Users\Mani bharathi Raja\Desktop\SpringMVC\MySpringmvc-project\src\main\resources
2023-05-22 15:54:52,475 [Worker-17: Building] INFO  o.e.m.c.i.embedder.EclipseLogger - Using 'UTF-8' encoding to copy filtered resources.
2023-05-22 15:54:52,475 [Worker-17: Building] INFO  o.e.m.c.i.embedder.EclipseLogger - skip non existing resourceDirectory C:\Users\Mani bharathi Raja\Desktop\SpringMVC\MySpringmvc-project\src\test\resources
2023-05-22 15:55:22,875 [Worker-17: Building] INFO  o.e.m.c.i.l.LifecycleMappingFactory - Using org.maven.ide.eclipse.wtp.WarLifecycleMapping lifecycle mapping for MavenProject: com.goSpring:MySpringmvc-project:0.0.1-SNAPSHOT @ C:\Users\Mani bharathi Raja\Desktop\SpringMVC\MySpringmvc-project\pom.xml.
2023-05-22 15:55:23,206 [Worker-17: Building] INFO  o.e.m.c.i.e.AbstractTransferListenerAdapter - Downloading https://repo.maven.apache.org/maven2/org/springframework/spring-aop/4.1.8.RELEASE/spring-aop-4.1.8.RELEASE.pom
2023-05-22 15:55:23,392 [Worker-17: Building] INFO  o.e.m.c.i.e.AbstractTransferListenerAdapter - Downloaded https://repo.maven.apache.org/maven2/org/springframework/spring-aop/4.1.8.RELEASE/spring-aop-4.1.8.RELEASE.pom
2023-05-22 15:55:23,462 [Worker-17: Building] INFO  o.e.m.c.i.e.AbstractTransferListenerAdapter - Downloading https://repo.maven.apache.org/maven2/org/springframework/spring-core/4.1.8.RELEASE/spring-core-4.1.8.RELEASE.pom
2023-05-22 15:55:23,513 [Worker-17: Building] INFO  o.e.m.c.i.e.AbstractTransferListenerAdapter - Downloaded https://repo.maven.apache.org/maven2/org/springframework/spring-core/4.1.8.RELEASE/spring-core-4.1.8.RELEASE.pom
2023-05-22 15:55:23,730 [Worker-17: Building] INFO  o.e.m.c.i.e.AbstractTransferListenerAdapter - Downloading https://repo.maven.apache.org/maven2/org/springframework/spring-expression/4.1.8.RELEASE/spring-expression-4.1.8.RELEASE.pom
2023-05-22 15:55:23,821 [Worker-17: Building] INFO  o.e.m.c.i.e.AbstractTransferListenerAdapter - Downloaded https://repo.maven.apache.org/maven2/org/springframework/spring-expression/4.1.8.RELEASE/spring-expression-4.1.8.RELEASE.pom
2023-05-22 15:55:23,881 [Worker-17: Building] INFO  o.e.m.c.i.e.AbstractTransferListenerAdapter - Downloading https://repo.maven.apache.org/maven2/org/springframework/spring-webmvc/4.1.8.RELEASE/spring-webmvc-4.1.8.RELEASE.pom
2023-05-22 15:55:23,988 [Worker-17: Building] INFO  o.e.m.c.i.e.AbstractTransferListenerAdapter - Downloaded https://repo.maven.apache.org/maven2/org/springframework/spring-webmvc/4.1.8.RELEASE/spring-webmvc-4.1.8.RELEASE.pom
2023-05-22 15:55:24,093 [Worker-17: Building] INFO  o.e.m.c.i.e.AbstractTransferListenerAdapter - Downloading https://repo.maven.apache.org/maven2/org/springframework/spring-web/4.1.8.RELEASE/spring-web-4.1.8.RELEASE.pom
2023-05-22 15:55:24,190 [Worker-17: Building] INFO  o.e.m.c.i.e.AbstractTransferListenerAdapter - Downloaded https://repo.maven.apache.org/maven2/org/springframework/spring-web/4.1.8.RELEASE/spring-web-4.1.8.RELEASE.pom
2023-05-22 15:55:24,337 [Worker-17: Building] INFO  o.e.m.c.i.e.AbstractTransferListenerAdapter - Downloading https://repo.maven.apache.org/maven2/mysql/mysql-connector-java/5.1.36/mysql-connector-java-5.1.36.pom
2023-05-22 15:55:25,567 [Worker-17: Building] INFO  o.e.m.c.i.e.AbstractTransferListenerAdapter - Downloaded https://repo.maven.apache.org/maven2/mysql/mysql-connector-java/5.1.36/mysql-connector-java-5.1.36.pom
2023-05-22 15:55:25,887 [AetherRepositoryConnector-repo.maven.apache.org-0-0] INFO  o.e.m.c.i.e.AbstractTransferListenerAdapter - Downloading https://repo.maven.apache.org/maven2/org/springframework/spring-context/4.1.8.RELEASE/spring-context-4.1.8.RELEASE.jar
2023-05-22 15:55:26,365 [AetherRepositoryConnector-repo.maven.apache.org-0-3] INFO  o.e.m.c.i.e.AbstractTransferListenerAdapter - Downloading https://repo.maven.apache.org/maven2/org/springframework/spring-core/4.1.8.RELEASE/spring-core-4.1.8.RELEASE.jar
2023-05-22 15:55:26,366 [AetherRepositoryConnector-repo.maven.apache.org-0-1] INFO  o.e.m.c.i.e.AbstractTransferListenerAdapter - Downloading https://repo.maven.apache.org/maven2/org/springframework/spring-aop/4.1.8.RELEASE/spring-aop-4.1.8.RELEASE.jar
2023-05-22 15:55:26,367 [AetherRepositoryConnector-repo.maven.apache.org-0-4] INFO  o.e.m.c.i.e.AbstractTransferListenerAdapter - Downloading https://repo.maven.apache.org/maven2/org/springframework/spring-expression/4.1.8.RELEASE/spring-expression-4.1.8.RELEASE.jar
2023-05-22 15:55:26,367 [AetherRepositoryConnector-repo.maven.apache.org-0-2] INFO  o.e.m.c.i.e.AbstractTransferListenerAdapter - Downloading https://repo.maven.apache.org/maven2/org/springframework/spring-beans/4.1.8.RELEASE/spring-beans-4.1.8.RELEASE.jar
2023-05-22 15:55:30,212 [AetherRepositoryConnector-repo.maven.apache.org-0-4] INFO  o.e.m.c.i.e.AbstractTransferListenerAdapter - Downloaded https://repo.maven.apache.org/maven2/org/springframework/spring-expression/4.1.8.RELEASE/spring-expression-4.1.8.RELEASE.jar
2023-05-22 15:55:30,511 [AetherRepositoryConnector-repo.maven.apache.org-0-4] INFO  o.e.m.c.i.e.AbstractTransferListenerAdapter - Downloading https://repo.maven.apache.org/maven2/org/springframework/spring-webmvc/4.1.8.RELEASE/spring-webmvc-4.1.8.RELEASE.jar
2023-05-22 15:55:30,652 [AetherRepositoryConnector-repo.maven.apache.org-0-1] INFO  o.e.m.c.i.e.AbstractTransferListenerAdapter - Downloaded https://repo.maven.apache.org/maven2/org/springframework/spring-aop/4.1.8.RELEASE/spring-aop-4.1.8.RELEASE.jar
2023-05-22 15:55:30,758 [AetherRepositoryConnector-repo.maven.apache.org-0-1] INFO  o.e.m.c.i.e.AbstractTransferListenerAdapter - Downloading https://repo.maven.apache.org/maven2/org/springframework/spring-web/4.1.8.RELEASE/spring-web-4.1.8.RELEASE.jar
2023-05-22 15:55:31,638 [AetherRepositoryConnector-repo.maven.apache.org-0-2] INFO  o.e.m.c.i.e.AbstractTransferListenerAdapter - Downloaded https://repo.maven.apache.org/maven2/org/springframework/spring-beans/4.1.8.RELEASE/spring-beans-4.1.8.RELEASE.jar
2023-05-22 15:55:31,796 [AetherRepositoryConnector-repo.maven.apache.org-0-2] INFO  o.e.m.c.i.e.AbstractTransferListenerAdapter - Downloading https://repo.maven.apache.org/maven2/mysql/mysql-connector-java/5.1.36/mysql-connector-java-5.1.36.jar
2023-05-22 15:55:32,137 [AetherRepositoryConnector-repo.maven.apache.org-0-0] INFO  o.e.m.c.i.e.AbstractTransferListenerAdapter - Downloaded https://repo.maven.apache.org/maven2/org/springframework/spring-context/4.1.8.RELEASE/spring-context-4.1.8.RELEASE.jar
2023-05-22 15:55:32,520 [AetherRepositoryConnector-repo.maven.apache.org-0-3] INFO  o.e.m.c.i.e.AbstractTransferListenerAdapter - Downloaded https://repo.maven.apache.org/maven2/org/springframework/spring-core/4.1.8.RELEASE/spring-core-4.1.8.RELEASE.jar
2023-05-22 15:55:33,064 [AetherRepositoryConnector-repo.maven.apache.org-0-1] INFO  o.e.m.c.i.e.AbstractTransferListenerAdapter - Downloaded https://repo.maven.apache.org/maven2/org/springframework/spring-web/4.1.8.RELEASE/spring-web-4.1.8.RELEASE.jar
2023-05-22 15:55:33,071 [AetherRepositoryConnector-repo.maven.apache.org-0-4] INFO  o.e.m.c.i.e.AbstractTransferListenerAdapter - Downloaded https://repo.maven.apache.org/maven2/org/springframework/spring-webmvc/4.1.8.RELEASE/spring-webmvc-4.1.8.RELEASE.jar
2023-05-22 15:55:33,144 [AetherRepositoryConnector-repo.maven.apache.org-0-2] INFO  o.e.m.c.i.e.AbstractTransferListenerAdapter - Downloaded https://repo.maven.apache.org/maven2/mysql/mysql-connector-java/5.1.36/mysql-connector-java-5.1.36.jar
2023-05-22 15:55:35,702 [Worker-17: Building] INFO  o.e.m.c.i.embedder.EclipseLogger - Using 'UTF-8' encoding to copy filtered resources.
2023-05-22 15:55:35,703 [Worker-17: Building] INFO  o.e.m.c.i.embedder.EclipseLogger - skip non existing resourceDirectory C:\Users\Mani bharathi Raja\Desktop\SpringMVC\MySpringmvc-project\src\main\resources
2023-05-22 15:55:35,736 [Worker-17: Building] INFO  o.e.m.c.i.embedder.EclipseLogger - Using 'UTF-8' encoding to copy filtered resources.
2023-05-22 15:55:35,737 [Worker-17: Building] INFO  o.e.m.c.i.embedder.EclipseLogger - skip non existing resourceDirectory C:\Users\Mani bharathi Raja\Desktop\SpringMVC\MySpringmvc-project\src\test\resources
2023-05-22 15:55:35,738 [Worker-17: Building] INFO  o.e.m.w.i.f.ResourceFilteringBuildParticipant - Changed resources require a complete clean of filtered resources of MySpringmvc-project
2023-05-22 15:55:35,750 [Worker-17: Building] INFO  o.e.m.w.i.f.ResourceFilteringBuildParticipant - Executing resource filtering for MySpringmvc-project
2023-05-22 15:55:36,654 [Worker-15: Download sources and javadoc] INFO  o.e.m.c.i.e.AbstractTransferListenerAdapter - Downloading https://repo.maven.apache.org/maven2/org/springframework/spring-context/4.1.8.RELEASE/spring-context-4.1.8.RELEASE-sources.jar
2023-05-22 15:55:37,015 [Worker-15: Download sources and javadoc] INFO  o.e.m.c.i.e.AbstractTransferListenerAdapter - Downloaded https://repo.maven.apache.org/maven2/org/springframework/spring-context/4.1.8.RELEASE/spring-context-4.1.8.RELEASE-sources.jar
2023-05-22 15:55:37,023 [Worker-15: Download sources and javadoc] INFO  o.e.m.j.internal.DownloadSourcesJob - Downloaded sources for org.springframework:spring-context:4.1.8.RELEASE
2023-05-22 15:55:37,694 [Worker-15: Download sources and javadoc] INFO  o.e.m.c.i.e.AbstractTransferListenerAdapter - Downloading https://repo.maven.apache.org/maven2/org/springframework/spring-aop/4.1.8.RELEASE/spring-aop-4.1.8.RELEASE-sources.jar
2023-05-22 15:55:37,800 [Worker-15: Download sources and javadoc] INFO  o.e.m.c.i.e.AbstractTransferListenerAdapter - Downloaded https://repo.maven.apache.org/maven2/org/springframework/spring-aop/4.1.8.RELEASE/spring-aop-4.1.8.RELEASE-sources.jar
2023-05-22 15:55:37,830 [Worker-15: Download sources and javadoc] INFO  o.e.m.j.internal.DownloadSourcesJob - Downloaded sources for org.springframework:spring-aop:4.1.8.RELEASE
2023-05-22 15:55:38,149 [Worker-15: Download sources and javadoc] INFO  o.e.m.c.i.e.AbstractTransferListenerAdapter - Downloading https://repo.maven.apache.org/maven2/org/springframework/spring-beans/4.1.8.RELEASE/spring-beans-4.1.8.RELEASE-sources.jar
2023-05-22 15:55:38,608 [Worker-15: Download sources and javadoc] INFO  o.e.m.c.i.e.AbstractTransferListenerAdapter - Downloaded https://repo.maven.apache.org/maven2/org/springframework/spring-beans/4.1.8.RELEASE/spring-beans-4.1.8.RELEASE-sources.jar
2023-05-22 15:55:38,616 [Worker-15: Download sources and javadoc] INFO  o.e.m.j.internal.DownloadSourcesJob - Downloaded sources for org.springframework:spring-beans:4.1.8.RELEASE
2023-05-22 15:55:39,194 [Worker-15: Download sources and javadoc] INFO  o.e.m.c.i.e.AbstractTransferListenerAdapter - Downloading https://repo.maven.apache.org/maven2/org/springframework/spring-core/4.1.8.RELEASE/spring-core-4.1.8.RELEASE-sources.jar
2023-05-22 15:55:39,523 [Worker-15: Download sources and javadoc] INFO  o.e.m.c.i.e.AbstractTransferListenerAdapter - Downloaded https://repo.maven.apache.org/maven2/org/springframework/spring-core/4.1.8.RELEASE/spring-core-4.1.8.RELEASE-sources.jar
2023-05-22 15:55:39,534 [Worker-15: Download sources and javadoc] INFO  o.e.m.j.internal.DownloadSourcesJob - Downloaded sources for org.springframework:spring-core:4.1.8.RELEASE
2023-05-22 15:55:39,825 [Worker-15: Download sources and javadoc] INFO  o.e.m.c.i.e.AbstractTransferListenerAdapter - Downloading https://repo.maven.apache.org/maven2/org/springframework/spring-expression/4.1.8.RELEASE/spring-expression-4.1.8.RELEASE-sources.jar
2023-05-22 15:55:39,949 [Worker-15: Download sources and javadoc] INFO  o.e.m.c.i.e.AbstractTransferListenerAdapter - Downloaded https://repo.maven.apache.org/maven2/org/springframework/spring-expression/4.1.8.RELEASE/spring-expression-4.1.8.RELEASE-sources.jar
2023-05-22 15:55:39,959 [Worker-15: Download sources and javadoc] INFO  o.e.m.j.internal.DownloadSourcesJob - Downloaded sources for org.springframework:spring-expression:4.1.8.RELEASE
2023-05-22 15:55:40,437 [Worker-15: Download sources and javadoc] INFO  o.e.m.c.i.e.AbstractTransferListenerAdapter - Downloading https://repo.maven.apache.org/maven2/org/springframework/spring-webmvc/4.1.8.RELEASE/spring-webmvc-4.1.8.RELEASE-sources.jar
2023-05-22 15:55:40,791 [Worker-15: Download sources and javadoc] INFO  o.e.m.c.i.e.AbstractTransferListenerAdapter - Downloaded https://repo.maven.apache.org/maven2/org/springframework/spring-webmvc/4.1.8.RELEASE/spring-webmvc-4.1.8.RELEASE-sources.jar
2023-05-22 15:55:40,809 [Worker-15: Download sources and javadoc] INFO  o.e.m.j.internal.DownloadSourcesJob - Downloaded sources for org.springframework:spring-webmvc:4.1.8.RELEASE
2023-05-22 15:55:41,184 [Worker-15: Download sources and javadoc] INFO  o.e.m.c.i.e.AbstractTransferListenerAdapter - Downloading https://repo.maven.apache.org/maven2/org/springframework/spring-web/4.1.8.RELEASE/spring-web-4.1.8.RELEASE-sources.jar
2023-05-22 15:55:41,413 [Worker-15: Download sources and javadoc] INFO  o.e.m.c.i.e.AbstractTransferListenerAdapter - Downloaded https://repo.maven.apache.org/maven2/org/springframework/spring-web/4.1.8.RELEASE/spring-web-4.1.8.RELEASE-sources.jar
2023-05-22 15:55:41,421 [Worker-15: Download sources and javadoc] INFO  o.e.m.j.internal.DownloadSourcesJob - Downloaded sources for org.springframework:spring-web:4.1.8.RELEASE
2023-05-22 15:55:42,750 [Worker-15: Download sources and javadoc] INFO  o.e.m.c.i.e.AbstractTransferListenerAdapter - Downloading https://repo.maven.apache.org/maven2/mysql/mysql-connector-java/5.1.36/mysql-connector-java-5.1.36-sources.jar
2023-05-22 15:55:43,092 [Worker-15: Download sources and javadoc] INFO  o.e.m.c.i.e.AbstractTransferListenerAdapter - Downloaded https://repo.maven.apache.org/maven2/mysql/mysql-connector-java/5.1.36/mysql-connector-java-5.1.36-sources.jar
2023-05-22 15:55:43,103 [Worker-15: Download sources and javadoc] INFO  o.e.m.j.internal.DownloadSourcesJob - Downloaded sources for mysql:mysql-connector-java:5.1.36
2023-05-22 15:56:06,675 [Worker-14: Building] INFO  o.e.m.c.i.l.LifecycleMappingFactory - Using org.maven.ide.eclipse.wtp.WarLifecycleMapping lifecycle mapping for MavenProject: com.goSpring:MySpringmvc-project:0.0.1-SNAPSHOT @ C:\Users\Mani bharathi Raja\Desktop\SpringMVC\MySpringmvc-project\pom.xml.
2023-05-22 15:56:08,298 [Worker-14: Building] INFO  o.e.m.c.i.embedder.EclipseLogger - Using 'UTF-8' encoding to copy filtered resources.
2023-05-22 15:56:08,299 [Worker-14: Building] INFO  o.e.m.c.i.embedder.EclipseLogger - skip non existing resourceDirectory C:\Users\Mani bharathi Raja\Desktop\SpringMVC\MySpringmvc-project\src\main\resources
2023-05-22 15:56:08,310 [Worker-14: Building] INFO  o.e.m.c.i.embedder.EclipseLogger - Using 'UTF-8' encoding to copy filtered resources.
2023-05-22 15:56:08,311 [Worker-14: Building] INFO  o.e.m.c.i.embedder.EclipseLogger - skip non existing resourceDirectory C:\Users\Mani bharathi Raja\Desktop\SpringMVC\MySpringmvc-project\src\test\resources
2023-05-22 15:56:08,312 [Worker-14: Building] INFO  o.e.m.w.i.f.ResourceFilteringBuildParticipant - Changed resources require a complete clean of filtered resources of MySpringmvc-project
2023-05-22 15:56:08,312 [Worker-14: Building] INFO  o.e.m.w.i.f.ResourceFilteringBuildParticipant - Executing resource filtering for MySpringmvc-project
2023-05-22 15:56:42,431 [Worker-14: Building] INFO  o.e.m.c.i.embedder.EclipseLogger - Using 'UTF-8' encoding to copy filtered resources.
2023-05-22 15:56:42,431 [Worker-14: Building] INFO  o.e.m.c.i.embedder.EclipseLogger - skip non existing resourceDirectory C:\Users\Mani bharathi Raja\Desktop\SpringMVC\MySpringmvc-project\src\main\resources
2023-05-22 15:56:42,441 [Worker-14: Building] INFO  o.e.m.c.i.embedder.EclipseLogger - Using 'UTF-8' encoding to copy filtered resources.
2023-05-22 15:56:42,442 [Worker-14: Building] INFO  o.e.m.c.i.embedder.EclipseLogger - skip non existing resourceDirectory C:\Users\Mani bharathi Raja\Desktop\SpringMVC\MySpringmvc-project\src\test\resources
2023-05-22 15:57:15,479 [Worker-5: Building] INFO  o.e.m.c.i.embedder.EclipseLogger - Using 'UTF-8' encoding to copy filtered resources.
2023-05-22 15:57:15,480 [Worker-5: Building] INFO  o.e.m.c.i.embedder.EclipseLogger - skip non existing resourceDirectory C:\Users\Mani bharathi Raja\Desktop\SpringMVC\MySpringmvc-project\src\main\resources
2023-05-22 15:57:15,485 [Worker-5: Building] INFO  o.e.m.c.i.embedder.EclipseLogger - Using 'UTF-8' encoding to copy filtered resources.
2023-05-22 15:57:15,486 [Worker-5: Building] INFO  o.e.m.c.i.embedder.EclipseLogger - skip non existing resourceDirectory C:\Users\Mani bharathi Raja\Desktop\SpringMVC\MySpringmvc-project\src\test\resources
2023-05-22 15:57:59,842 [Worker-15: Building] INFO  o.e.m.c.i.embedder.EclipseLogger - Using 'UTF-8' encoding to copy filtered resources.
2023-05-22 15:57:59,842 [Worker-15: Building] INFO  o.e.m.c.i.embedder.EclipseLogger - skip non existing resourceDirectory C:\Users\Mani bharathi Raja\Desktop\SpringMVC\MySpringmvc-project\src\main\resources
2023-05-22 15:57:59,847 [Worker-15: Building] INFO  o.e.m.c.i.embedder.EclipseLogger - Using 'UTF-8' encoding to copy filtered resources.
2023-05-22 15:57:59,848 [Worker-15: Building] INFO  o.e.m.c.i.embedder.EclipseLogger - skip non existing resourceDirectory C:\Users\Mani bharathi Raja\Desktop\SpringMVC\MySpringmvc-project\src\test\resources
2023-05-22 15:58:42,405 [Worker-15: Building] INFO  o.e.m.c.i.embedder.EclipseLogger - Using 'UTF-8' encoding to copy filtered resources.
2023-05-22 15:58:42,406 [Worker-15: Building] INFO  o.e.m.c.i.embedder.EclipseLogger - skip non existing resourceDirectory C:\Users\Mani bharathi Raja\Desktop\SpringMVC\MySpringmvc-project\src\main\resources
2023-05-22 15:58:42,410 [Worker-15: Building] INFO  o.e.m.c.i.embedder.EclipseLogger - Using 'UTF-8' encoding to copy filtered resources.
2023-05-22 15:58:42,410 [Worker-15: Building] INFO  o.e.m.c.i.embedder.EclipseLogger - skip non existing resourceDirectory C:\Users\Mani bharathi Raja\Desktop\SpringMVC\MySpringmvc-project\src\test\resources
2023-05-22 15:58:54,947 [Worker-18: Building] INFO  o.e.m.c.i.embedder.EclipseLogger - Using 'UTF-8' encoding to copy filtered resources.
2023-05-22 15:58:54,948 [Worker-18: Building] INFO  o.e.m.c.i.embedder.EclipseLogger - skip non existing resourceDirectory C:\Users\Mani bharathi Raja\Desktop\SpringMVC\MySpringmvc-project\src\main\resources
2023-05-22 15:58:54,953 [Worker-18: Building] INFO  o.e.m.c.i.embedder.EclipseLogger - Using 'UTF-8' encoding to copy filtered resources.
2023-05-22 15:58:54,953 [Worker-18: Building] INFO  o.e.m.c.i.embedder.EclipseLogger - skip non existing resourceDirectory C:\Users\Mani bharathi Raja\Desktop\SpringMVC\MySpringmvc-project\src\test\resources
2023-05-22 15:59:10,968 [Worker-15: Building] INFO  o.e.m.c.i.embedder.EclipseLogger - Using 'UTF-8' encoding to copy filtered resources.
2023-05-22 15:59:10,969 [Worker-15: Building] INFO  o.e.m.c.i.embedder.EclipseLogger - skip non existing resourceDirectory C:\Users\Mani bharathi Raja\Desktop\SpringMVC\MySpringmvc-project\src\main\resources
2023-05-22 15:59:10,974 [Worker-15: Building] INFO  o.e.m.c.i.embedder.EclipseLogger - Using 'UTF-8' encoding to copy filtered resources.
2023-05-22 15:59:10,975 [Worker-15: Building] INFO  o.e.m.c.i.embedder.EclipseLogger - skip non existing resourceDirectory C:\Users\Mani bharathi Raja\Desktop\SpringMVC\MySpringmvc-project\src\test\resources
2023-05-22 15:59:35,056 [Worker-16: Building] INFO  o.e.m.c.i.embedder.EclipseLogger - Using 'UTF-8' encoding to copy filtered resources.
2023-05-22 15:59:35,057 [Worker-16: Building] INFO  o.e.m.c.i.embedder.EclipseLogger - skip non existing resourceDirectory C:\Users\Mani bharathi Raja\Desktop\SpringMVC\MySpringmvc-project\src\main\resources
2023-05-22 15:59:35,071 [Worker-16: Building] INFO  o.e.m.c.i.embedder.EclipseLogger - Using 'UTF-8' encoding to copy filtered resources.
2023-05-22 15:59:35,071 [Worker-16: Building] INFO  o.e.m.c.i.embedder.EclipseLogger - skip non existing resourceDirectory C:\Users\Mani bharathi Raja\Desktop\SpringMVC\MySpringmvc-project\src\test\resources
2023-05-22 15:59:59,025 [Worker-6: Building] INFO  o.e.m.c.i.embedder.EclipseLogger - Using 'UTF-8' encoding to copy filtered resources.
2023-05-22 15:59:59,026 [Worker-6: Building] INFO  o.e.m.c.i.embedder.EclipseLogger - skip non existing resourceDirectory C:\Users\Mani bharathi Raja\Desktop\SpringMVC\MySpringmvc-project\src\main\resources
2023-05-22 15:59:59,033 [Worker-6: Building] INFO  o.e.m.c.i.embedder.EclipseLogger - Using 'UTF-8' encoding to copy filtered resources.
2023-05-22 15:59:59,033 [Worker-6: Building] INFO  o.e.m.c.i.embedder.EclipseLogger - skip non existing resourceDirectory C:\Users\Mani bharathi Raja\Desktop\SpringMVC\MySpringmvc-project\src\test\resources
2023-05-22 16:01:40,573 [Worker-13: Building] INFO  o.e.m.c.i.embedder.EclipseLogger - Using 'UTF-8' encoding to copy filtered resources.
2023-05-22 16:01:40,574 [Worker-13: Building] INFO  o.e.m.c.i.embedder.EclipseLogger - skip non existing resourceDirectory C:\Users\Mani bharathi Raja\Desktop\SpringMVC\MySpringmvc-project\src\main\resources
2023-05-22 16:01:40,581 [Worker-13: Building] INFO  o.e.m.c.i.embedder.EclipseLogger - Using 'UTF-8' encoding to copy filtered resources.
2023-05-22 16:01:40,581 [Worker-13: Building] INFO  o.e.m.c.i.embedder.EclipseLogger - skip non existing resourceDirectory C:\Users\Mani bharathi Raja\Desktop\SpringMVC\MySpringmvc-project\src\test\resources
2023-05-22 16:01:59,713 [Worker-12: Building] INFO  o.e.m.c.i.embedder.EclipseLogger - Using 'UTF-8' encoding to copy filtered resources.
2023-05-22 16:01:59,713 [Worker-12: Building] INFO  o.e.m.c.i.embedder.EclipseLogger - skip non existing resourceDirectory C:\Users\Mani bharathi Raja\Desktop\SpringMVC\MySpringmvc-project\src\main\resources
2023-05-22 16:01:59,718 [Worker-12: Building] INFO  o.e.m.c.i.embedder.EclipseLogger - Using 'UTF-8' encoding to copy filtered resources.
2023-05-22 16:01:59,719 [Worker-12: Building] INFO  o.e.m.c.i.embedder.EclipseLogger - skip non existing resourceDirectory C:\Users\Mani bharathi Raja\Desktop\SpringMVC\MySpringmvc-project\src\test\resources
2023-05-22 16:05:32,275 [Worker-18: Building] INFO  o.e.m.c.i.embedder.EclipseLogger - Using 'UTF-8' encoding to copy filtered resources.
2023-05-22 16:05:32,277 [Worker-18: Building] INFO  o.e.m.c.i.embedder.EclipseLogger - skip non existing resourceDirectory C:\Users\Mani bharathi Raja\Desktop\SpringMVC\MySpringmvc-project\src\main\resources
2023-05-22 16:05:32,283 [Worker-18: Building] INFO  o.e.m.c.i.embedder.EclipseLogger - Using 'UTF-8' encoding to copy filtered resources.
2023-05-22 16:05:32,284 [Worker-18: Building] INFO  o.e.m.c.i.embedder.EclipseLogger - skip non existing resourceDirectory C:\Users\Mani bharathi Raja\Desktop\SpringMVC\MySpringmvc-project\src\test\resources
2023-05-22 16:08:22,693 [Worker-18: Building] INFO  o.e.m.c.i.embedder.EclipseLogger - Using 'UTF-8' encoding to copy filtered resources.
2023-05-22 16:08:22,694 [Worker-18: Building] INFO  o.e.m.c.i.embedder.EclipseLogger - skip non existing resourceDirectory C:\Users\Mani bharathi Raja\Desktop\SpringMVC\MySpringmvc-project\src\main\resources
2023-05-22 16:08:22,699 [Worker-18: Building] INFO  o.e.m.c.i.embedder.EclipseLogger - Using 'UTF-8' encoding to copy filtered resources.
2023-05-22 16:08:22,699 [Worker-18: Building] INFO  o.e.m.c.i.embedder.EclipseLogger - skip non existing resourceDirectory C:\Users\Mani bharathi Raja\Desktop\SpringMVC\MySpringmvc-project\src\test\resources
2023-05-22 16:08:38,005 [Worker-22: Building] INFO  o.e.m.c.i.embedder.EclipseLogger - Using 'UTF-8' encoding to copy filtered resources.
2023-05-22 16:08:38,006 [Worker-22: Building] INFO  o.e.m.c.i.embedder.EclipseLogger - skip non existing resourceDirectory C:\Users\Mani bharathi Raja\Desktop\SpringMVC\MySpringmvc-project\src\main\resources
2023-05-22 16:08:38,012 [Worker-22: Building] INFO  o.e.m.c.i.embedder.EclipseLogger - Using 'UTF-8' encoding to copy filtered resources.
2023-05-22 16:08:38,012 [Worker-22: Building] INFO  o.e.m.c.i.embedder.EclipseLogger - skip non existing resourceDirectory C:\Users\Mani bharathi Raja\Desktop\SpringMVC\MySpringmvc-project\src\test\resources
2023-05-22 16:09:27,963 [Worker-19: Building] INFO  o.e.m.c.i.embedder.EclipseLogger - Using 'UTF-8' encoding to copy filtered resources.
2023-05-22 16:09:27,963 [Worker-19: Building] INFO  o.e.m.c.i.embedder.EclipseLogger - skip non existing resourceDirectory C:\Users\Mani bharathi Raja\Desktop\SpringMVC\MySpringmvc-project\src\main\resources
2023-05-22 16:09:27,971 [Worker-19: Building] INFO  o.e.m.c.i.embedder.EclipseLogger - Using 'UTF-8' encoding to copy filtered resources.
2023-05-22 16:09:27,971 [Worker-19: Building] INFO  o.e.m.c.i.embedder.EclipseLogger - skip non existing resourceDirectory C:\Users\Mani bharathi Raja\Desktop\SpringMVC\MySpringmvc-project\src\test\resources
2023-05-22 16:11:41,304 [Worker-22: Building] INFO  o.e.m.c.i.embedder.EclipseLogger - Using 'UTF-8' encoding to copy filtered resources.
2023-05-22 16:11:41,305 [Worker-22: Building] INFO  o.e.m.c.i.embedder.EclipseLogger - skip non existing resourceDirectory C:\Users\Mani bharathi Raja\Desktop\SpringMVC\MySpringmvc-project\src\main\resources
2023-05-22 16:11:41,316 [Worker-22: Building] INFO  o.e.m.c.i.embedder.EclipseLogger - Using 'UTF-8' encoding to copy filtered resources.
2023-05-22 16:11:41,317 [Worker-22: Building] INFO  o.e.m.c.i.embedder.EclipseLogger - skip non existing resourceDirectory C:\Users\Mani bharathi Raja\Desktop\SpringMVC\MySpringmvc-project\src\test\resources
2023-05-22 16:11:55,966 [Worker-19: Building] INFO  o.e.m.c.i.embedder.EclipseLogger - Using 'UTF-8' encoding to copy filtered resources.
2023-05-22 16:11:55,967 [Worker-19: Building] INFO  o.e.m.c.i.embedder.EclipseLogger - skip non existing resourceDirectory C:\Users\Mani bharathi Raja\Desktop\SpringMVC\MySpringmvc-project\src\main\resources
2023-05-22 16:11:55,971 [Worker-19: Building] INFO  o.e.m.c.i.embedder.EclipseLogger - Using 'UTF-8' encoding to copy filtered resources.
2023-05-22 16:11:55,971 [Worker-19: Building] INFO  o.e.m.c.i.embedder.EclipseLogger - skip non existing resourceDirectory C:\Users\Mani bharathi Raja\Desktop\SpringMVC\MySpringmvc-project\src\test\resources
2023-05-22 16:12:09,807 [Worker-22: Building] INFO  o.e.m.c.i.embedder.EclipseLogger - Using 'UTF-8' encoding to copy filtered resources.
2023-05-22 16:12:09,808 [Worker-22: Building] INFO  o.e.m.c.i.embedder.EclipseLogger - skip non existing resourceDirectory C:\Users\Mani bharathi Raja\Desktop\SpringMVC\MySpringmvc-project\src\main\resources
2023-05-22 16:12:09,815 [Worker-22: Building] INFO  o.e.m.c.i.embedder.EclipseLogger - Using 'UTF-8' encoding to copy filtered resources.
2023-05-22 16:12:09,815 [Worker-22: Building] INFO  o.e.m.c.i.embedder.EclipseLogger - skip non existing resourceDirectory C:\Users\Mani bharathi Raja\Desktop\SpringMVC\MySpringmvc-project\src\test\resources
2023-05-22 16:12:23,816 [Worker-22: Building] INFO  o.e.m.c.i.embedder.EclipseLogger - Using 'UTF-8' encoding to copy filtered resources.
2023-05-22 16:12:23,817 [Worker-22: Building] INFO  o.e.m.c.i.embedder.EclipseLogger - skip non existing resourceDirectory C:\Users\Mani bharathi Raja\Desktop\SpringMVC\MySpringmvc-project\src\main\resources
2023-05-22 16:12:23,824 [Worker-22: Building] INFO  o.e.m.c.i.embedder.EclipseLogger - Using 'UTF-8' encoding to copy filtered resources.
2023-05-22 16:12:23,824 [Worker-22: Building] INFO  o.e.m.c.i.embedder.EclipseLogger - skip non existing resourceDirectory C:\Users\Mani bharathi Raja\Desktop\SpringMVC\MySpringmvc-project\src\test\resources
2023-05-22 16:13:38,328 [Worker-22: Building] INFO  o.e.m.c.i.embedder.EclipseLogger - Using 'UTF-8' encoding to copy filtered resources.
2023-05-22 16:13:38,329 [Worker-22: Building] INFO  o.e.m.c.i.embedder.EclipseLogger - skip non existing resourceDirectory C:\Users\Mani bharathi Raja\Desktop\SpringMVC\MySpringmvc-project\src\main\resources
2023-05-22 16:13:38,334 [Worker-22: Building] INFO  o.e.m.c.i.embedder.EclipseLogger - Using 'UTF-8' encoding to copy filtered resources.
2023-05-22 16:13:38,334 [Worker-22: Building] INFO  o.e.m.c.i.embedder.EclipseLogger - skip non existing resourceDirectory C:\Users\Mani bharathi Raja\Desktop\SpringMVC\MySpringmvc-project\src\test\resources
2023-05-22 16:15:20,277 [Worker-23: Building] INFO  o.e.m.c.i.l.LifecycleMappingFactory - Using org.maven.ide.eclipse.wtp.WarLifecycleMapping lifecycle mapping for MavenProject: com.goSpring:MySpringmvc-project:0.0.1-SNAPSHOT @ C:\Users\Mani bharathi Raja\Desktop\SpringMVC\MySpringmvc-project\pom.xml.
2023-05-22 16:15:20,395 [Worker-23: Building] WARN  o.e.m.c.i.embedder.EclipseLogger - The POM for javax.servlet.jsp.jstl:jstl:jar:1.2 is missing, no dependency information available
2023-05-22 16:15:22,477 [Worker-23: Building] INFO  o.e.m.c.i.embedder.EclipseLogger - Using 'UTF-8' encoding to copy filtered resources.
2023-05-22 16:15:22,478 [Worker-23: Building] INFO  o.e.m.c.i.embedder.EclipseLogger - skip non existing resourceDirectory C:\Users\Mani bharathi Raja\Desktop\SpringMVC\MySpringmvc-project\src\main\resources
2023-05-22 16:15:22,485 [Worker-23: Building] INFO  o.e.m.c.i.embedder.EclipseLogger - Using 'UTF-8' encoding to copy filtered resources.
2023-05-22 16:15:22,486 [Worker-23: Building] INFO  o.e.m.c.i.embedder.EclipseLogger - skip non existing resourceDirectory C:\Users\Mani bharathi Raja\Desktop\SpringMVC\MySpringmvc-project\src\test\resources
2023-05-22 16:15:22,486 [Worker-23: Building] INFO  o.e.m.w.i.f.ResourceFilteringBuildParticipant - Changed resources require a complete clean of filtered resources of MySpringmvc-project
2023-05-22 16:15:22,487 [Worker-23: Building] INFO  o.e.m.w.i.f.ResourceFilteringBuildParticipant - Executing resource filtering for MySpringmvc-project
2023-05-22 16:15:47,153 [Worker-25: Building] INFO  o.e.m.c.i.l.LifecycleMappingFactory - Using org.maven.ide.eclipse.wtp.WarLifecycleMapping lifecycle mapping for MavenProject: com.goSpring:MySpringmvc-project:0.0.1-SNAPSHOT @ C:\Users\Mani bharathi Raja\Desktop\SpringMVC\MySpringmvc-project\pom.xml.
2023-05-22 16:15:47,352 [Worker-25: Building] WARN  o.e.m.c.i.embedder.EclipseLogger - The POM for javax.servlet.jsp.jstl:jstl:jar:1.2 is missing, no dependency information available
2023-05-22 16:15:49,090 [Worker-25: Building] INFO  o.e.m.c.i.embedder.EclipseLogger - Using 'UTF-8' encoding to copy filtered resources.
2023-05-22 16:15:49,091 [Worker-25: Building] INFO  o.e.m.c.i.embedder.EclipseLogger - skip non existing resourceDirectory C:\Users\Mani bharathi Raja\Desktop\SpringMVC\MySpringmvc-project\src\main\resources
2023-05-22 16:15:49,174 [Worker-25: Building] INFO  o.e.m.c.i.embedder.EclipseLogger - Using 'UTF-8' encoding to copy filtered resources.
2023-05-22 16:15:49,174 [Worker-25: Building] INFO  o.e.m.c.i.embedder.EclipseLogger - skip non existing resourceDirectory C:\Users\Mani bharathi Raja\Desktop\SpringMVC\MySpringmvc-project\src\test\resources
2023-05-22 16:15:49,176 [Worker-25: Building] INFO  o.e.m.w.i.f.ResourceFilteringBuildParticipant - Changed resources require a complete clean of filtered resources of MySpringmvc-project
2023-05-22 16:15:49,177 [Worker-25: Building] INFO  o.e.m.w.i.f.ResourceFilteringBuildParticipant - Executing resource filtering for MySpringmvc-project
2023-05-22 16:16:39,686 [Worker-25: Building] INFO  o.e.m.c.i.l.LifecycleMappingFactory - Using org.maven.ide.eclipse.wtp.WarLifecycleMapping lifecycle mapping for MavenProject: com.goSpring:MySpringmvc-project:0.0.1-SNAPSHOT @ C:\Users\Mani bharathi Raja\Desktop\SpringMVC\MySpringmvc-project\pom.xml.
2023-05-22 16:16:41,167 [Worker-25: Building] INFO  o.e.m.c.i.embedder.EclipseLogger - Using 'UTF-8' encoding to copy filtered resources.
2023-05-22 16:16:41,167 [Worker-25: Building] INFO  o.e.m.c.i.embedder.EclipseLogger - skip non existing resourceDirectory C:\Users\Mani bharathi Raja\Desktop\SpringMVC\MySpringmvc-project\src\main\resources
2023-05-22 16:16:41,173 [Worker-25: Building] INFO  o.e.m.c.i.embedder.EclipseLogger - Using 'UTF-8' encoding to copy filtered resources.
2023-05-22 16:16:41,174 [Worker-25: Building] INFO  o.e.m.c.i.embedder.EclipseLogger - skip non existing resourceDirectory C:\Users\Mani bharathi Raja\Desktop\SpringMVC\MySpringmvc-project\src\test\resources
2023-05-22 16:16:41,175 [Worker-25: Building] INFO  o.e.m.w.i.f.ResourceFilteringBuildParticipant - Changed resources require a complete clean of filtered resources of MySpringmvc-project
2023-05-22 16:16:41,175 [Worker-25: Building] INFO  o.e.m.w.i.f.ResourceFilteringBuildParticipant - Executing resource filtering for MySpringmvc-project
2023-05-22 16:17:04,517 [Worker-27: Building] INFO  o.e.m.c.i.embedder.EclipseLogger - Using 'UTF-8' encoding to copy filtered resources.
2023-05-22 16:17:04,518 [Worker-27: Building] INFO  o.e.m.c.i.embedder.EclipseLogger - skip non existing resourceDirectory C:\Users\Mani bharathi Raja\Desktop\SpringMVC\MySpringmvc-project\src\main\resources
2023-05-22 16:17:04,524 [Worker-27: Building] INFO  o.e.m.c.i.embedder.EclipseLogger - Using 'UTF-8' encoding to copy filtered resources.
2023-05-22 16:17:04,524 [Worker-27: Building] INFO  o.e.m.c.i.embedder.EclipseLogger - skip non existing resourceDirectory C:\Users\Mani bharathi Raja\Desktop\SpringMVC\MySpringmvc-project\src\test\resources
2023-05-22 16:18:24,935 [Worker-19: Building] INFO  o.e.m.c.i.embedder.EclipseLogger - Using 'UTF-8' encoding to copy filtered resources.
2023-05-22 16:18:24,936 [Worker-19: Building] INFO  o.e.m.c.i.embedder.EclipseLogger - skip non existing resourceDirectory C:\Users\Mani bharathi Raja\Desktop\SpringMVC\MySpringmvc-project\src\main\resources
2023-05-22 16:18:24,940 [Worker-19: Building] INFO  o.e.m.c.i.embedder.EclipseLogger - Using 'UTF-8' encoding to copy filtered resources.
2023-05-22 16:18:24,940 [Worker-19: Building] INFO  o.e.m.c.i.embedder.EclipseLogger - skip non existing resourceDirectory C:\Users\Mani bharathi Raja\Desktop\SpringMVC\MySpringmvc-project\src\test\resources
2023-05-22 16:19:35,812 [Worker-31: Building] INFO  o.e.m.c.i.embedder.EclipseLogger - Using 'UTF-8' encoding to copy filtered resources.
2023-05-22 16:19:35,813 [Worker-31: Building] INFO  o.e.m.c.i.embedder.EclipseLogger - skip non existing resourceDirectory C:\Users\Mani bharathi Raja\Desktop\SpringMVC\MySpringmvc-project\src\main\resources
2023-05-22 16:19:35,818 [Worker-31: Building] INFO  o.e.m.c.i.embedder.EclipseLogger - Using 'UTF-8' encoding to copy filtered resources.
2023-05-22 16:19:35,819 [Worker-31: Building] INFO  o.e.m.c.i.embedder.EclipseLogger - skip non existing resourceDirectory C:\Users\Mani bharathi Raja\Desktop\SpringMVC\MySpringmvc-project\src\test\resources
2023-05-22 16:19:47,014 [Worker-28: Building] INFO  o.e.m.c.i.embedder.EclipseLogger - Using 'UTF-8' encoding to copy filtered resources.
2023-05-22 16:19:47,025 [Worker-28: Building] INFO  o.e.m.c.i.embedder.EclipseLogger - skip non existing resourceDirectory C:\Users\Mani bharathi Raja\Desktop\SpringMVC\MySpringmvc-project\src\main\resources
2023-05-22 16:19:47,033 [Worker-28: Building] INFO  o.e.m.c.i.embedder.EclipseLogger - Using 'UTF-8' encoding to copy filtered resources.
2023-05-22 16:19:47,033 [Worker-28: Building] INFO  o.e.m.c.i.embedder.EclipseLogger - skip non existing resourceDirectory C:\Users\Mani bharathi Raja\Desktop\SpringMVC\MySpringmvc-project\src\test\resources
2023-05-22 16:22:56,853 [Worker-30: Building] INFO  o.e.m.c.i.embedder.EclipseLogger - Using 'UTF-8' encoding to copy filtered resources.
2023-05-22 16:22:56,854 [Worker-30: Building] INFO  o.e.m.c.i.embedder.EclipseLogger - skip non existing resourceDirectory C:\Users\Mani bharathi Raja\Desktop\SpringMVC\MySpringmvc-project\src\main\resources
2023-05-22 16:22:56,859 [Worker-30: Building] INFO  o.e.m.c.i.embedder.EclipseLogger - Using 'UTF-8' encoding to copy filtered resources.
2023-05-22 16:22:56,859 [Worker-30: Building] INFO  o.e.m.c.i.embedder.EclipseLogger - skip non existing resourceDirectory C:\Users\Mani bharathi Raja\Desktop\SpringMVC\MySpringmvc-project\src\test\resources
2023-05-22 16:23:21,125 [Worker-35: Building] INFO  o.e.m.c.i.embedder.EclipseLogger - Using 'UTF-8' encoding to copy filtered resources.
2023-05-22 16:23:21,126 [Worker-35: Building] INFO  o.e.m.c.i.embedder.EclipseLogger - skip non existing resourceDirectory C:\Users\Mani bharathi Raja\Desktop\SpringMVC\MySpringmvc-project\src\main\resources
2023-05-22 16:23:21,130 [Worker-35: Building] INFO  o.e.m.c.i.embedder.EclipseLogger - Using 'UTF-8' encoding to copy filtered resources.
2023-05-22 16:23:21,131 [Worker-35: Building] INFO  o.e.m.c.i.embedder.EclipseLogger - skip non existing resourceDirectory C:\Users\Mani bharathi Raja\Desktop\SpringMVC\MySpringmvc-project\src\test\resources
2023-05-22 16:23:49,772 [Worker-30: Building] INFO  o.e.m.c.i.embedder.EclipseLogger - Using 'UTF-8' encoding to copy filtered resources.
2023-05-22 16:23:49,773 [Worker-30: Building] INFO  o.e.m.c.i.embedder.EclipseLogger - skip non existing resourceDirectory C:\Users\Mani bharathi Raja\Desktop\SpringMVC\MySpringmvc-project\src\main\resources
2023-05-22 16:23:49,781 [Worker-30: Building] INFO  o.e.m.c.i.embedder.EclipseLogger - Using 'UTF-8' encoding to copy filtered resources.
2023-05-22 16:23:49,782 [Worker-30: Building] INFO  o.e.m.c.i.embedder.EclipseLogger - skip non existing resourceDirectory C:\Users\Mani bharathi Raja\Desktop\SpringMVC\MySpringmvc-project\src\test\resources
2023-05-23 14:30:53,440 [Worker-2: Loading available Gradle versions] INFO  o.e.b.c.i.u.g.PublishedGradleVersions - Gradle version information cache is up-to-date. Trying to read.
2023-05-23 15:17:47,828 [Worker-5: Building] INFO  o.e.m.c.i.embedder.EclipseLogger - Using 'UTF-8' encoding to copy filtered resources.
2023-05-23 15:17:47,877 [Worker-5: Building] INFO  o.e.m.c.i.embedder.EclipseLogger - skip non existing resourceDirectory C:\Users\Mani bharathi Raja\Desktop\SpringMVC\MySpringmvc-project\src\main\resources
2023-05-23 15:17:47,889 [Worker-5: Building] INFO  o.e.m.c.i.embedder.EclipseLogger - Using 'UTF-8' encoding to copy filtered resources.
2023-05-23 15:17:47,890 [Worker-5: Building] INFO  o.e.m.c.i.embedder.EclipseLogger - skip non existing resourceDirectory C:\Users\Mani bharathi Raja\Desktop\SpringMVC\MySpringmvc-project\src\test\resources
2023-05-23 15:18:24,358 [Worker-11: Building] INFO  o.e.m.c.i.embedder.EclipseLogger - Using 'UTF-8' encoding to copy filtered resources.
2023-05-23 15:18:24,359 [Worker-11: Building] INFO  o.e.m.c.i.embedder.EclipseLogger - skip non existing resourceDirectory C:\Users\Mani bharathi Raja\Desktop\SpringMVC\MySpringmvc-project\src\main\resources
2023-05-23 15:18:24,370 [Worker-11: Building] INFO  o.e.m.c.i.embedder.EclipseLogger - Using 'UTF-8' encoding to copy filtered resources.
2023-05-23 15:18:24,371 [Worker-11: Building] INFO  o.e.m.c.i.embedder.EclipseLogger - skip non existing resourceDirectory C:\Users\Mani bharathi Raja\Desktop\SpringMVC\MySpringmvc-project\src\test\resources
2023-05-23 15:19:05,763 [Worker-11: Building] INFO  o.e.m.c.i.embedder.EclipseLogger - Using 'UTF-8' encoding to copy filtered resources.
2023-05-23 15:19:05,764 [Worker-11: Building] INFO  o.e.m.c.i.embedder.EclipseLogger - skip non existing resourceDirectory C:\Users\Mani bharathi Raja\Desktop\SpringMVC\MySpringmvc-project\src\main\resources
2023-05-23 15:19:05,774 [Worker-11: Building] INFO  o.e.m.c.i.embedder.EclipseLogger - Using 'UTF-8' encoding to copy filtered resources.
2023-05-23 15:19:05,776 [Worker-11: Building] INFO  o.e.m.c.i.embedder.EclipseLogger - skip non existing resourceDirectory C:\Users\Mani bharathi Raja\Desktop\SpringMVC\MySpringmvc-project\src\test\resources
2023-05-23 15:21:08,993 [Worker-6: Building] INFO  o.e.m.c.i.embedder.EclipseLogger - Using 'UTF-8' encoding to copy filtered resources.
2023-05-23 15:21:08,994 [Worker-6: Building] INFO  o.e.m.c.i.embedder.EclipseLogger - skip non existing resourceDirectory C:\Users\Mani bharathi Raja\Desktop\SpringMVC\MySpringmvc-project\src\main\resources
2023-05-23 15:21:09,001 [Worker-6: Building] INFO  o.e.m.c.i.embedder.EclipseLogger - Using 'UTF-8' encoding to copy filtered resources.
2023-05-23 15:21:09,002 [Worker-6: Building] INFO  o.e.m.c.i.embedder.EclipseLogger - skip non existing resourceDirectory C:\Users\Mani bharathi Raja\Desktop\SpringMVC\MySpringmvc-project\src\test\resources
2023-05-23 15:23:13,852 [Worker-10: Building] INFO  o.e.m.c.i.embedder.EclipseLogger - Using 'UTF-8' encoding to copy filtered resources.
2023-05-23 15:23:13,853 [Worker-10: Building] INFO  o.e.m.c.i.embedder.EclipseLogger - skip non existing resourceDirectory C:\Users\Mani bharathi Raja\Desktop\SpringMVC\MySpringmvc-project\src\main\resources
2023-05-23 15:23:13,859 [Worker-10: Building] INFO  o.e.m.c.i.embedder.EclipseLogger - Using 'UTF-8' encoding to copy filtered resources.
2023-05-23 15:23:13,861 [Worker-10: Building] INFO  o.e.m.c.i.embedder.EclipseLogger - skip non existing resourceDirectory C:\Users\Mani bharathi Raja\Desktop\SpringMVC\MySpringmvc-project\src\test\resources
2023-05-23 15:24:26,048 [Worker-14: Building] INFO  o.e.m.c.i.embedder.EclipseLogger - Using 'UTF-8' encoding to copy filtered resources.
2023-05-23 15:24:26,049 [Worker-14: Building] INFO  o.e.m.c.i.embedder.EclipseLogger - skip non existing resourceDirectory C:\Users\Mani bharathi Raja\Desktop\SpringMVC\MySpringmvc-project\src\main\resources
2023-05-23 15:24:26,062 [Worker-14: Building] INFO  o.e.m.c.i.embedder.EclipseLogger - Using 'UTF-8' encoding to copy filtered resources.
2023-05-23 15:24:26,074 [Worker-14: Building] INFO  o.e.m.c.i.embedder.EclipseLogger - skip non existing resourceDirectory C:\Users\Mani bharathi Raja\Desktop\SpringMVC\MySpringmvc-project\src\test\resources
2023-05-23 15:25:20,042 [Worker-6: Building] INFO  o.e.m.c.i.embedder.EclipseLogger - Using 'UTF-8' encoding to copy filtered resources.
2023-05-23 15:25:20,043 [Worker-6: Building] INFO  o.e.m.c.i.embedder.EclipseLogger - skip non existing resourceDirectory C:\Users\Mani bharathi Raja\Desktop\SpringMVC\MySpringmvc-project\src\main\resources
2023-05-23 15:25:20,049 [Worker-6: Building] INFO  o.e.m.c.i.embedder.EclipseLogger - Using 'UTF-8' encoding to copy filtered resources.
2023-05-23 15:25:20,050 [Worker-6: Building] INFO  o.e.m.c.i.embedder.EclipseLogger - skip non existing resourceDirectory C:\Users\Mani bharathi Raja\Desktop\SpringMVC\MySpringmvc-project\src\test\resources
2023-05-23 15:25:27,699 [Worker-6: Building] INFO  o.e.m.c.i.embedder.EclipseLogger - Using 'UTF-8' encoding to copy filtered resources.
2023-05-23 15:25:27,699 [Worker-6: Building] INFO  o.e.m.c.i.embedder.EclipseLogger - skip non existing resourceDirectory C:\Users\Mani bharathi Raja\Desktop\SpringMVC\MySpringmvc-project\src\main\resources
2023-05-23 15:25:27,719 [Worker-6: Building] INFO  o.e.m.c.i.embedder.EclipseLogger - Using 'UTF-8' encoding to copy filtered resources.
2023-05-23 15:25:27,720 [Worker-6: Building] INFO  o.e.m.c.i.embedder.EclipseLogger - skip non existing resourceDirectory C:\Users\Mani bharathi Raja\Desktop\SpringMVC\MySpringmvc-project\src\test\resources
2023-05-23 15:27:15,137 [Worker-16: Building] INFO  o.e.m.c.i.embedder.EclipseLogger - Using 'UTF-8' encoding to copy filtered resources.
2023-05-23 15:27:15,138 [Worker-16: Building] INFO  o.e.m.c.i.embedder.EclipseLogger - skip non existing resourceDirectory C:\Users\Mani bharathi Raja\Desktop\SpringMVC\MySpringmvc-project\src\main\resources
2023-05-23 15:27:15,146 [Worker-16: Building] INFO  o.e.m.c.i.embedder.EclipseLogger - Using 'UTF-8' encoding to copy filtered resources.
2023-05-23 15:27:15,152 [Worker-16: Building] INFO  o.e.m.c.i.embedder.EclipseLogger - skip non existing resourceDirectory C:\Users\Mani bharathi Raja\Desktop\SpringMVC\MySpringmvc-project\src\test\resources
2023-05-23 15:28:50,304 [Worker-6: Building] INFO  o.e.m.c.i.embedder.EclipseLogger - Using 'UTF-8' encoding to copy filtered resources.
2023-05-23 15:28:50,305 [Worker-6: Building] INFO  o.e.m.c.i.embedder.EclipseLogger - skip non existing resourceDirectory C:\Users\Mani bharathi Raja\Desktop\SpringMVC\MySpringmvc-project\src\main\resources
2023-05-23 15:28:50,314 [Worker-6: Building] INFO  o.e.m.c.i.embedder.EclipseLogger - Using 'UTF-8' encoding to copy filtered resources.
2023-05-23 15:28:50,315 [Worker-6: Building] INFO  o.e.m.c.i.embedder.EclipseLogger - skip non existing resourceDirectory C:\Users\Mani bharathi Raja\Desktop\SpringMVC\MySpringmvc-project\src\test\resources
2023-05-23 15:29:32,503 [Worker-6: Building] INFO  o.e.m.c.i.embedder.EclipseLogger - Using 'UTF-8' encoding to copy filtered resources.
2023-05-23 15:29:32,504 [Worker-6: Building] INFO  o.e.m.c.i.embedder.EclipseLogger - skip non existing resourceDirectory C:\Users\Mani bharathi Raja\Desktop\SpringMVC\MySpringmvc-project\src\main\resources
2023-05-23 15:29:32,512 [Worker-6: Building] INFO  o.e.m.c.i.embedder.EclipseLogger - Using 'UTF-8' encoding to copy filtered resources.
2023-05-23 15:29:32,513 [Worker-6: Building] INFO  o.e.m.c.i.embedder.EclipseLogger - skip non existing resourceDirectory C:\Users\Mani bharathi Raja\Desktop\SpringMVC\MySpringmvc-project\src\test\resources
2023-05-23 15:30:33,012 [Worker-15: Building] INFO  o.e.m.c.i.embedder.EclipseLogger - Using 'UTF-8' encoding to copy filtered resources.
2023-05-23 15:30:33,013 [Worker-15: Building] INFO  o.e.m.c.i.embedder.EclipseLogger - skip non existing resourceDirectory C:\Users\Mani bharathi Raja\Desktop\SpringMVC\MySpringmvc-project\src\main\resources
2023-05-23 15:30:33,024 [Worker-15: Building] INFO  o.e.m.c.i.embedder.EclipseLogger - Using 'UTF-8' encoding to copy filtered resources.
2023-05-23 15:30:33,025 [Worker-15: Building] INFO  o.e.m.c.i.embedder.EclipseLogger - skip non existing resourceDirectory C:\Users\Mani bharathi Raja\Desktop\SpringMVC\MySpringmvc-project\src\test\resources
2023-05-23 15:34:53,811 [Worker-19: Building] INFO  o.e.m.c.i.embedder.EclipseLogger - Using 'UTF-8' encoding to copy filtered resources.
2023-05-23 15:34:53,811 [Worker-19: Building] INFO  o.e.m.c.i.embedder.EclipseLogger - skip non existing resourceDirectory C:\Users\Mani bharathi Raja\Desktop\SpringMVC\MySpringmvc-project\src\main\resources
2023-05-23 15:34:53,818 [Worker-19: Building] INFO  o.e.m.c.i.embedder.EclipseLogger - Using 'UTF-8' encoding to copy filtered resources.
2023-05-23 15:34:53,820 [Worker-19: Building] INFO  o.e.m.c.i.embedder.EclipseLogger - skip non existing resourceDirectory C:\Users\Mani bharathi Raja\Desktop\SpringMVC\MySpringmvc-project\src\test\resources
2023-05-23 15:35:49,911 [Worker-19: Building] INFO  o.e.m.c.i.embedder.EclipseLogger - Using 'UTF-8' encoding to copy filtered resources.
2023-05-23 15:35:49,912 [Worker-19: Building] INFO  o.e.m.c.i.embedder.EclipseLogger - skip non existing resourceDirectory C:\Users\Mani bharathi Raja\Desktop\SpringMVC\MySpringmvc-project\src\main\resources
2023-05-23 15:35:49,918 [Worker-19: Building] INFO  o.e.m.c.i.embedder.EclipseLogger - Using 'UTF-8' encoding to copy filtered resources.
2023-05-23 15:35:49,918 [Worker-19: Building] INFO  o.e.m.c.i.embedder.EclipseLogger - skip non existing resourceDirectory C:\Users\Mani bharathi Raja\Desktop\SpringMVC\MySpringmvc-project\src\test\resources
2023-05-23 15:45:42,660 [Worker-20: Launching mavenrun-628f9749-a751-499d-a8de-0432fd981a6c] INFO  o.eclipse.m2e.core.internal.Bundles - getClasspathEntries(Bundle=org.eclipse.m2e.maven.runtime_3.8.701.20230209-1606 [607])
2023-05-23 15:45:42,729 [Worker-20: Launching mavenrun-628f9749-a751-499d-a8de-0432fd981a6c] INFO  o.eclipse.m2e.core.internal.Bundles - 	Entry: C:\Users\Mani bharathi Raja\.p2\pool\plugins\org.eclipse.m2e.maven.runtime_3.8.701.20230209-1606
2023-05-23 15:45:42,730 [Worker-20: Launching mavenrun-628f9749-a751-499d-a8de-0432fd981a6c] INFO  o.eclipse.m2e.core.internal.Bundles - 	Entry: C:\Users\Mani bharathi Raja\.p2\pool\plugins\org.eclipse.m2e.maven.runtime_3.8.701.20230209-1606\jars\aether-connector-okhttp-0.17.8.jar
2023-05-23 15:45:42,731 [Worker-20: Launching mavenrun-628f9749-a751-499d-a8de-0432fd981a6c] INFO  o.eclipse.m2e.core.internal.Bundles - 	Entry: C:\Users\Mani bharathi Raja\.p2\pool\plugins\org.eclipse.m2e.maven.runtime_3.8.701.20230209-1606\jars\commons-lang3-3.8.1.jar
2023-05-23 15:45:42,731 [Worker-20: Launching mavenrun-628f9749-a751-499d-a8de-0432fd981a6c] INFO  o.eclipse.m2e.core.internal.Bundles - 	Entry: C:\Users\Mani bharathi Raja\.p2\pool\plugins\org.eclipse.m2e.maven.runtime_3.8.701.20230209-1606\jars\guice-4.2.2-no_aop.jar
2023-05-23 15:45:42,732 [Worker-20: Launching mavenrun-628f9749-a751-499d-a8de-0432fd981a6c] INFO  o.eclipse.m2e.core.internal.Bundles - 	Entry: C:\Users\Mani bharathi Raja\.p2\pool\plugins\org.eclipse.m2e.maven.runtime_3.8.701.20230209-1606\jars\jansi-2.4.0.jar
2023-05-23 15:45:42,732 [Worker-20: Launching mavenrun-628f9749-a751-499d-a8de-0432fd981a6c] INFO  o.eclipse.m2e.core.internal.Bundles - 	Entry: C:\Users\Mani bharathi Raja\.p2\pool\plugins\org.eclipse.m2e.maven.runtime_3.8.701.20230209-1606\jars\maven-artifact-3.8.7.jar
2023-05-23 15:45:42,741 [Worker-20: Launching mavenrun-628f9749-a751-499d-a8de-0432fd981a6c] INFO  o.eclipse.m2e.core.internal.Bundles - 	Entry: C:\Users\Mani bharathi Raja\.p2\pool\plugins\org.eclipse.m2e.maven.runtime_3.8.701.20230209-1606\jars\maven-builder-support-3.8.7.jar
2023-05-23 15:45:42,741 [Worker-20: Launching mavenrun-628f9749-a751-499d-a8de-0432fd981a6c] INFO  o.eclipse.m2e.core.internal.Bundles - 	Entry: C:\Users\Mani bharathi Raja\.p2\pool\plugins\org.eclipse.m2e.maven.runtime_3.8.701.20230209-1606\jars\maven-compat-3.8.7.jar
2023-05-23 15:45:42,742 [Worker-20: Launching mavenrun-628f9749-a751-499d-a8de-0432fd981a6c] INFO  o.eclipse.m2e.core.internal.Bundles - 	Entry: C:\Users\Mani bharathi Raja\.p2\pool\plugins\org.eclipse.m2e.maven.runtime_3.8.701.20230209-1606\jars\maven-core-3.8.7.jar
2023-05-23 15:45:42,743 [Worker-20: Launching mavenrun-628f9749-a751-499d-a8de-0432fd981a6c] INFO  o.eclipse.m2e.core.internal.Bundles - 	Entry: C:\Users\Mani bharathi Raja\.p2\pool\plugins\org.eclipse.m2e.maven.runtime_3.8.701.20230209-1606\jars\maven-embedder-3.8.7.jar
2023-05-23 15:45:42,744 [Worker-20: Launching mavenrun-628f9749-a751-499d-a8de-0432fd981a6c] INFO  o.eclipse.m2e.core.internal.Bundles - 	Entry: C:\Users\Mani bharathi Raja\.p2\pool\plugins\org.eclipse.m2e.maven.runtime_3.8.701.20230209-1606\jars\maven-model-3.8.7.jar
2023-05-23 15:45:42,745 [Worker-20: Launching mavenrun-628f9749-a751-499d-a8de-0432fd981a6c] INFO  o.eclipse.m2e.core.internal.Bundles - 	Entry: C:\Users\Mani bharathi Raja\.p2\pool\plugins\org.eclipse.m2e.maven.runtime_3.8.701.20230209-1606\jars\maven-model-builder-3.8.7.jar
2023-05-23 15:45:42,745 [Worker-20: Launching mavenrun-628f9749-a751-499d-a8de-0432fd981a6c] INFO  o.eclipse.m2e.core.internal.Bundles - 	Entry: C:\Users\Mani bharathi Raja\.p2\pool\plugins\org.eclipse.m2e.maven.runtime_3.8.701.20230209-1606\jars\maven-plugin-api-3.8.7.jar
2023-05-23 15:45:42,746 [Worker-20: Launching mavenrun-628f9749-a751-499d-a8de-0432fd981a6c] INFO  o.eclipse.m2e.core.internal.Bundles - 	Entry: C:\Users\Mani bharathi Raja\.p2\pool\plugins\org.eclipse.m2e.maven.runtime_3.8.701.20230209-1606\jars\maven-repository-metadata-3.8.7.jar
2023-05-23 15:45:42,747 [Worker-20: Launching mavenrun-628f9749-a751-499d-a8de-0432fd981a6c] INFO  o.eclipse.m2e.core.internal.Bundles - 	Entry: C:\Users\Mani bharathi Raja\.p2\pool\plugins\org.eclipse.m2e.maven.runtime_3.8.701.20230209-1606\jars\maven-resolver-api-1.6.3.jar
2023-05-23 15:45:42,747 [Worker-20: Launching mavenrun-628f9749-a751-499d-a8de-0432fd981a6c] INFO  o.eclipse.m2e.core.internal.Bundles - 	Entry: C:\Users\Mani bharathi Raja\.p2\pool\plugins\org.eclipse.m2e.maven.runtime_3.8.701.20230209-1606\jars\maven-resolver-connector-basic-1.6.3.jar
2023-05-23 15:45:42,748 [Worker-20: Launching mavenrun-628f9749-a751-499d-a8de-0432fd981a6c] INFO  o.eclipse.m2e.core.internal.Bundles - 	Entry: C:\Users\Mani bharathi Raja\.p2\pool\plugins\org.eclipse.m2e.maven.runtime_3.8.701.20230209-1606\jars\maven-resolver-impl-1.6.3.jar
2023-05-23 15:45:42,748 [Worker-20: Launching mavenrun-628f9749-a751-499d-a8de-0432fd981a6c] INFO  o.eclipse.m2e.core.internal.Bundles - 	Entry: C:\Users\Mani bharathi Raja\.p2\pool\plugins\org.eclipse.m2e.maven.runtime_3.8.701.20230209-1606\jars\maven-resolver-provider-3.8.7.jar
2023-05-23 15:45:42,749 [Worker-20: Launching mavenrun-628f9749-a751-499d-a8de-0432fd981a6c] INFO  o.eclipse.m2e.core.internal.Bundles - 	Entry: C:\Users\Mani bharathi Raja\.p2\pool\plugins\org.eclipse.m2e.maven.runtime_3.8.701.20230209-1606\jars\maven-resolver-spi-1.6.3.jar
2023-05-23 15:45:42,749 [Worker-20: Launching mavenrun-628f9749-a751-499d-a8de-0432fd981a6c] INFO  o.eclipse.m2e.core.internal.Bundles - 	Entry: C:\Users\Mani bharathi Raja\.p2\pool\plugins\org.eclipse.m2e.maven.runtime_3.8.701.20230209-1606\jars\maven-resolver-transport-wagon-1.6.3.jar
2023-05-23 15:45:42,750 [Worker-20: Launching mavenrun-628f9749-a751-499d-a8de-0432fd981a6c] INFO  o.eclipse.m2e.core.internal.Bundles - 	Entry: C:\Users\Mani bharathi Raja\.p2\pool\plugins\org.eclipse.m2e.maven.runtime_3.8.701.20230209-1606\jars\maven-resolver-util-1.6.3.jar
2023-05-23 15:45:42,750 [Worker-20: Launching mavenrun-628f9749-a751-499d-a8de-0432fd981a6c] INFO  o.eclipse.m2e.core.internal.Bundles - 	Entry: C:\Users\Mani bharathi Raja\.p2\pool\plugins\org.eclipse.m2e.maven.runtime_3.8.701.20230209-1606\jars\maven-settings-3.8.7.jar
2023-05-23 15:45:42,751 [Worker-20: Launching mavenrun-628f9749-a751-499d-a8de-0432fd981a6c] INFO  o.eclipse.m2e.core.internal.Bundles - 	Entry: C:\Users\Mani bharathi Raja\.p2\pool\plugins\org.eclipse.m2e.maven.runtime_3.8.701.20230209-1606\jars\maven-settings-builder-3.8.7.jar
2023-05-23 15:45:42,753 [Worker-20: Launching mavenrun-628f9749-a751-499d-a8de-0432fd981a6c] INFO  o.eclipse.m2e.core.internal.Bundles - 	Entry: C:\Users\Mani bharathi Raja\.p2\pool\plugins\org.eclipse.m2e.maven.runtime_3.8.701.20230209-1606\jars\maven-shared-utils-3.3.4.jar
2023-05-23 15:45:42,754 [Worker-20: Launching mavenrun-628f9749-a751-499d-a8de-0432fd981a6c] INFO  o.eclipse.m2e.core.internal.Bundles - 	Entry: C:\Users\Mani bharathi Raja\.p2\pool\plugins\org.eclipse.m2e.maven.runtime_3.8.701.20230209-1606\jars\okhttp-3.14.1.jar
2023-05-23 15:45:42,754 [Worker-20: Launching mavenrun-628f9749-a751-499d-a8de-0432fd981a6c] INFO  o.eclipse.m2e.core.internal.Bundles - 	Entry: C:\Users\Mani bharathi Raja\.p2\pool\plugins\org.eclipse.m2e.maven.runtime_3.8.701.20230209-1606\jars\okio-1.17.3.jar
2023-05-23 15:45:42,755 [Worker-20: Launching mavenrun-628f9749-a751-499d-a8de-0432fd981a6c] INFO  o.eclipse.m2e.core.internal.Bundles - 	Entry: C:\Users\Mani bharathi Raja\.p2\pool\plugins\org.eclipse.m2e.maven.runtime_3.8.701.20230209-1606\jars\org.eclipse.sisu.inject-0.3.5.jar
2023-05-23 15:45:42,756 [Worker-20: Launching mavenrun-628f9749-a751-499d-a8de-0432fd981a6c] INFO  o.eclipse.m2e.core.internal.Bundles - 	Entry: C:\Users\Mani bharathi Raja\.p2\pool\plugins\org.eclipse.m2e.maven.runtime_3.8.701.20230209-1606\jars\org.eclipse.sisu.plexus-0.3.5.jar
2023-05-23 15:45:42,757 [Worker-20: Launching mavenrun-628f9749-a751-499d-a8de-0432fd981a6c] INFO  o.eclipse.m2e.core.internal.Bundles - 	Entry: C:\Users\Mani bharathi Raja\.p2\pool\plugins\org.eclipse.m2e.maven.runtime_3.8.701.20230209-1606\jars\plexus-build-api-0.0.7.jar
2023-05-23 15:45:42,757 [Worker-20: Launching mavenrun-628f9749-a751-499d-a8de-0432fd981a6c] INFO  o.eclipse.m2e.core.internal.Bundles - 	Entry: C:\Users\Mani bharathi Raja\.p2\pool\plugins\org.eclipse.m2e.maven.runtime_3.8.701.20230209-1606\jars\plexus-cipher-2.0.jar
2023-05-23 15:45:42,758 [Worker-20: Launching mavenrun-628f9749-a751-499d-a8de-0432fd981a6c] INFO  o.eclipse.m2e.core.internal.Bundles - 	Entry: C:\Users\Mani bharathi Raja\.p2\pool\plugins\org.eclipse.m2e.maven.runtime_3.8.701.20230209-1606\jars\plexus-classworlds-2.6.0.jar
2023-05-23 15:45:42,758 [Worker-20: Launching mavenrun-628f9749-a751-499d-a8de-0432fd981a6c] INFO  o.eclipse.m2e.core.internal.Bundles - 	Entry: C:\Users\Mani bharathi Raja\.p2\pool\plugins\org.eclipse.m2e.maven.runtime_3.8.701.20230209-1606\jars\plexus-component-annotations-2.1.0.jar
2023-05-23 15:45:42,759 [Worker-20: Launching mavenrun-628f9749-a751-499d-a8de-0432fd981a6c] INFO  o.eclipse.m2e.core.internal.Bundles - 	Entry: C:\Users\Mani bharathi Raja\.p2\pool\plugins\org.eclipse.m2e.maven.runtime_3.8.701.20230209-1606\jars\plexus-interpolation-1.26.jar
2023-05-23 15:45:42,760 [Worker-20: Launching mavenrun-628f9749-a751-499d-a8de-0432fd981a6c] INFO  o.eclipse.m2e.core.internal.Bundles - 	Entry: C:\Users\Mani bharathi Raja\.p2\pool\plugins\org.eclipse.m2e.maven.runtime_3.8.701.20230209-1606\jars\plexus-sec-dispatcher-2.0.jar
2023-05-23 15:45:42,761 [Worker-20: Launching mavenrun-628f9749-a751-499d-a8de-0432fd981a6c] INFO  o.eclipse.m2e.core.internal.Bundles - 	Entry: C:\Users\Mani bharathi Raja\.p2\pool\plugins\org.eclipse.m2e.maven.runtime_3.8.701.20230209-1606\jars\plexus-utils-3.3.1.jar
2023-05-23 15:45:42,762 [Worker-20: Launching mavenrun-628f9749-a751-499d-a8de-0432fd981a6c] INFO  o.eclipse.m2e.core.internal.Bundles - 	Entry: C:\Users\Mani bharathi Raja\.p2\pool\plugins\org.eclipse.m2e.maven.runtime_3.8.701.20230209-1606\jars\wagon-file-3.5.3.jar
2023-05-23 15:45:42,762 [Worker-20: Launching mavenrun-628f9749-a751-499d-a8de-0432fd981a6c] INFO  o.eclipse.m2e.core.internal.Bundles - 	Entry: C:\Users\Mani bharathi Raja\.p2\pool\plugins\org.eclipse.m2e.maven.runtime_3.8.701.20230209-1606\jars\wagon-provider-api-3.5.3.jar
2023-05-23 15:45:42,764 [Worker-20: Launching mavenrun-628f9749-a751-499d-a8de-0432fd981a6c] INFO  o.eclipse.m2e.core.internal.Bundles - getClasspathEntries(Bundle=com.google.guava_31.1.0.jre [11])
2023-05-23 15:45:42,787 [Worker-20: Launching mavenrun-628f9749-a751-499d-a8de-0432fd981a6c] INFO  o.eclipse.m2e.core.internal.Bundles - 	Entry: C:\Users\Mani bharathi Raja\.p2\pool\plugins\com.google.guava_31.1.0.jre.jar
2023-05-23 15:45:42,788 [Worker-20: Launching mavenrun-628f9749-a751-499d-a8de-0432fd981a6c] INFO  o.eclipse.m2e.core.internal.Bundles - getClasspathEntries(Bundle=slf4j.api_1.7.36 [921])
2023-05-23 15:45:42,796 [Worker-20: Launching mavenrun-628f9749-a751-499d-a8de-0432fd981a6c] INFO  o.eclipse.m2e.core.internal.Bundles - 	Entry: C:\Users\Mani bharathi Raja\.p2\pool\plugins\slf4j.api_1.7.36.jar
2023-05-23 15:45:42,797 [Worker-20: Launching mavenrun-628f9749-a751-499d-a8de-0432fd981a6c] INFO  o.eclipse.m2e.core.internal.Bundles - getClasspathEntries(Bundle=javax.inject_1.0.0.v20220405-0441 [35])
2023-05-23 15:45:42,802 [Worker-20: Launching mavenrun-628f9749-a751-499d-a8de-0432fd981a6c] INFO  o.eclipse.m2e.core.internal.Bundles - 	Entry: C:\Users\Mani bharathi Raja\.p2\pool\plugins\javax.inject_1.0.0.v20220405-0441.jar
2023-05-23 15:45:42,802 [Worker-20: Launching mavenrun-628f9749-a751-499d-a8de-0432fd981a6c] INFO  o.eclipse.m2e.core.internal.Bundles - getClasspathEntries(Bundle=javax.annotation_1.3.5.v20221203-1659 [33])
2023-05-23 15:45:42,818 [Worker-20: Launching mavenrun-628f9749-a751-499d-a8de-0432fd981a6c] INFO  o.eclipse.m2e.core.internal.Bundles - 	Entry: C:\Users\Mani bharathi Raja\.p2\pool\plugins\javax.annotation_1.3.5.v20221203-1659.jar
2023-05-23 15:45:42,819 [Worker-20: Launching mavenrun-628f9749-a751-499d-a8de-0432fd981a6c] INFO  o.eclipse.m2e.core.internal.Bundles - getClasspathEntries(Bundle=org.apache.commons.cli_1.4.0.v20221112-0806 [67])
2023-05-23 15:45:42,827 [Worker-20: Launching mavenrun-628f9749-a751-499d-a8de-0432fd981a6c] INFO  o.eclipse.m2e.core.internal.Bundles - 	Entry: C:\Users\Mani bharathi Raja\.p2\pool\plugins\org.apache.commons.cli_1.4.0.v20221112-0806.jar
2023-05-23 15:45:42,827 [Worker-20: Launching mavenrun-628f9749-a751-499d-a8de-0432fd981a6c] INFO  o.eclipse.m2e.core.internal.Bundles - getClasspathEntries(Bundle=com.google.guava.failureaccess_1.0.1 [13])
2023-05-23 15:45:42,831 [Worker-20: Launching mavenrun-628f9749-a751-499d-a8de-0432fd981a6c] INFO  o.eclipse.m2e.core.internal.Bundles - 	Entry: C:\Users\Mani bharathi Raja\.p2\pool\plugins\com.google.guava.failureaccess_1.0.1.jar
2023-05-23 15:45:42,846 [Worker-20: Launching mavenrun-628f9749-a751-499d-a8de-0432fd981a6c] INFO  o.e.m.i.launch.MavenLaunchDelegate - Run build in "C:\Users\MANIBH~1\AppData\Local\Temp\m2e-archetypeGenerator8011851516950552715":
2023-05-23 15:45:42,848 [Worker-20: Launching mavenrun-628f9749-a751-499d-a8de-0432fd981a6c] INFO  o.e.m.i.launch.MavenLaunchDelegate -  mvn  -DarchetypeGroupId=org.apache.maven.archetypes -DarchetypeArtifactId=maven-archetype-webapp -DarchetypeVersion=1.4 -DgroupId=com.goSpring -DartifactId=AppController -Dversion=0.0.1-SNAPSHOT -Dpackage=com.goSpring.AppController -DoutputDirectory="C:\Users\Mani bharathi Raja\Desktop\SpringMVC" -Dstyle.color=always -U archetype:generate
2023-05-23 15:48:58,059 [Worker-5: Creating maven-archetype-webapp] INFO  o.e.m.c.i.p.ProjectConfigurationManager - Collecting project info '/pom.xml' C:\Users\Mani bharathi Raja\Desktop\SpringMVC\AppController\pom.xml
2023-05-23 15:49:00,262 [Worker-5: Creating maven-archetype-webapp] INFO  o.e.m.c.i.l.LifecycleMappingFactory - Using org.maven.ide.eclipse.wtp.WarLifecycleMapping lifecycle mapping for MavenProject: com.goSpring:AppController:0.0.1-SNAPSHOT @ C:\Users\Mani bharathi Raja\Desktop\SpringMVC\AppController\pom.xml.
2023-05-23 15:49:02,389 [Worker-5: Creating maven-archetype-webapp] INFO  o.e.m.j.i.AbstractJavaProjectConfigurator - Adding source folder /AppController/src/main/java
2023-05-23 15:49:02,390 [Worker-5: Creating maven-archetype-webapp] INFO  o.e.m.j.i.AbstractJavaProjectConfigurator - Adding source folder /AppController/src/test/java
2023-05-23 15:49:05,284 [Worker-5: Creating maven-archetype-webapp] INFO  o.e.m.c.i.p.ProjectConfigurationManager - Imported and configured 1 project(s) in 7 sec
2023-05-23 15:49:05,782 [Worker-23: Building] INFO  o.e.m.c.i.embedder.EclipseLogger - Using 'UTF-8' encoding to copy filtered resources.
2023-05-23 15:49:05,783 [Worker-23: Building] INFO  o.e.m.c.i.embedder.EclipseLogger - skip non existing resourceDirectory C:\Users\Mani bharathi Raja\Desktop\SpringMVC\AppController\src\main\resources
2023-05-23 15:49:05,827 [Worker-23: Building] INFO  o.e.m.c.i.embedder.EclipseLogger - Using 'UTF-8' encoding to copy filtered resources.
2023-05-23 15:49:05,827 [Worker-23: Building] INFO  o.e.m.c.i.embedder.EclipseLogger - skip non existing resourceDirectory C:\Users\Mani bharathi Raja\Desktop\SpringMVC\AppController\src\test\resources
2023-05-23 15:49:29,815 [Worker-20: Building] INFO  o.e.m.c.i.embedder.EclipseLogger - Using 'UTF-8' encoding to copy filtered resources.
2023-05-23 15:49:29,816 [Worker-20: Building] INFO  o.e.m.c.i.embedder.EclipseLogger - skip non existing resourceDirectory C:\Users\Mani bharathi Raja\Desktop\SpringMVC\AppController\src\main\resources
2023-05-23 15:49:29,826 [Worker-20: Building] INFO  o.e.m.c.i.embedder.EclipseLogger - Using 'UTF-8' encoding to copy filtered resources.
2023-05-23 15:49:29,827 [Worker-20: Building] INFO  o.e.m.c.i.embedder.EclipseLogger - skip non existing resourceDirectory C:\Users\Mani bharathi Raja\Desktop\SpringMVC\AppController\src\test\resources
2023-05-23 15:50:15,626 [Worker-20: Building] INFO  o.e.m.c.i.embedder.EclipseLogger - Using 'UTF-8' encoding to copy filtered resources.
2023-05-23 15:50:15,628 [Worker-20: Building] INFO  o.e.m.c.i.embedder.EclipseLogger - skip non existing resourceDirectory C:\Users\Mani bharathi Raja\Desktop\SpringMVC\AppController\src\main\resources
2023-05-23 15:50:15,636 [Worker-20: Building] INFO  o.e.m.c.i.embedder.EclipseLogger - Using 'UTF-8' encoding to copy filtered resources.
2023-05-23 15:50:15,636 [Worker-20: Building] INFO  o.e.m.c.i.embedder.EclipseLogger - skip non existing resourceDirectory C:\Users\Mani bharathi Raja\Desktop\SpringMVC\AppController\src\test\resources
2023-05-23 15:50:44,312 [Worker-25: Building] INFO  o.e.m.c.i.embedder.EclipseLogger - Using 'UTF-8' encoding to copy filtered resources.
2023-05-23 15:50:44,314 [Worker-25: Building] INFO  o.e.m.c.i.embedder.EclipseLogger - skip non existing resourceDirectory C:\Users\Mani bharathi Raja\Desktop\SpringMVC\AppController\src\main\resources
2023-05-23 15:50:44,324 [Worker-25: Building] INFO  o.e.m.c.i.embedder.EclipseLogger - Using 'UTF-8' encoding to copy filtered resources.
2023-05-23 15:50:44,324 [Worker-25: Building] INFO  o.e.m.c.i.embedder.EclipseLogger - skip non existing resourceDirectory C:\Users\Mani bharathi Raja\Desktop\SpringMVC\AppController\src\test\resources
2023-05-23 15:51:25,709 [Worker-22: Building] INFO  o.e.m.c.i.l.LifecycleMappingFactory - Using org.maven.ide.eclipse.wtp.WarLifecycleMapping lifecycle mapping for MavenProject: com.goSpring:AppController:0.0.1-SNAPSHOT @ C:\Users\Mani bharathi Raja\Desktop\SpringMVC\AppController\pom.xml.
2023-05-23 15:51:26,493 [Worker-22: Building] INFO  o.e.m.c.i.embedder.EclipseLogger - Using 'UTF-8' encoding to copy filtered resources.
2023-05-23 15:51:26,495 [Worker-22: Building] INFO  o.e.m.c.i.embedder.EclipseLogger - skip non existing resourceDirectory C:\Users\Mani bharathi Raja\Desktop\SpringMVC\AppController\src\main\resources
2023-05-23 15:51:26,518 [Worker-22: Building] INFO  o.e.m.c.i.embedder.EclipseLogger - Using 'UTF-8' encoding to copy filtered resources.
2023-05-23 15:51:26,521 [Worker-22: Building] INFO  o.e.m.c.i.embedder.EclipseLogger - skip non existing resourceDirectory C:\Users\Mani bharathi Raja\Desktop\SpringMVC\AppController\src\test\resources
2023-05-23 15:51:26,524 [Worker-22: Building] INFO  o.e.m.w.i.f.ResourceFilteringBuildParticipant - Changed resources require a complete clean of filtered resources of AppController
2023-05-23 15:51:26,535 [Worker-22: Building] INFO  o.e.m.w.i.f.ResourceFilteringBuildParticipant - Executing resource filtering for AppController
2023-05-23 15:53:32,727 [Worker-27: Building] INFO  o.e.m.c.i.embedder.EclipseLogger - Using 'UTF-8' encoding to copy filtered resources.
2023-05-23 15:53:32,728 [Worker-27: Building] INFO  o.e.m.c.i.embedder.EclipseLogger - skip non existing resourceDirectory C:\Users\Mani bharathi Raja\Desktop\SpringMVC\AppController\src\main\resources
2023-05-23 15:53:32,738 [Worker-27: Building] INFO  o.e.m.c.i.embedder.EclipseLogger - Using 'UTF-8' encoding to copy filtered resources.
2023-05-23 15:53:32,739 [Worker-27: Building] INFO  o.e.m.c.i.embedder.EclipseLogger - skip non existing resourceDirectory C:\Users\Mani bharathi Raja\Desktop\SpringMVC\AppController\src\test\resources
2023-05-23 15:53:57,099 [Worker-27: Building] INFO  o.e.m.c.i.embedder.EclipseLogger - Using 'UTF-8' encoding to copy filtered resources.
2023-05-23 15:53:57,100 [Worker-27: Building] INFO  o.e.m.c.i.embedder.EclipseLogger - skip non existing resourceDirectory C:\Users\Mani bharathi Raja\Desktop\SpringMVC\AppController\src\main\resources
2023-05-23 15:53:57,106 [Worker-27: Building] INFO  o.e.m.c.i.embedder.EclipseLogger - Using 'UTF-8' encoding to copy filtered resources.
2023-05-23 15:53:57,106 [Worker-27: Building] INFO  o.e.m.c.i.embedder.EclipseLogger - skip non existing resourceDirectory C:\Users\Mani bharathi Raja\Desktop\SpringMVC\AppController\src\test\resources
2023-05-23 15:55:18,174 [Worker-5: Building] INFO  o.e.m.c.i.embedder.EclipseLogger - Using 'UTF-8' encoding to copy filtered resources.
2023-05-23 15:55:18,175 [Worker-5: Building] INFO  o.e.m.c.i.embedder.EclipseLogger - skip non existing resourceDirectory C:\Users\Mani bharathi Raja\Desktop\SpringMVC\AppController\src\main\resources
2023-05-23 15:55:18,181 [Worker-5: Building] INFO  o.e.m.c.i.embedder.EclipseLogger - Using 'UTF-8' encoding to copy filtered resources.
2023-05-23 15:55:18,182 [Worker-5: Building] INFO  o.e.m.c.i.embedder.EclipseLogger - skip non existing resourceDirectory C:\Users\Mani bharathi Raja\Desktop\SpringMVC\AppController\src\test\resources
2023-05-23 15:55:24,241 [Worker-5: Building] INFO  o.e.m.c.i.embedder.EclipseLogger - Using 'UTF-8' encoding to copy filtered resources.
2023-05-23 15:55:24,242 [Worker-5: Building] INFO  o.e.m.c.i.embedder.EclipseLogger - skip non existing resourceDirectory C:\Users\Mani bharathi Raja\Desktop\SpringMVC\AppController\src\main\resources
2023-05-23 15:55:24,248 [Worker-5: Building] INFO  o.e.m.c.i.embedder.EclipseLogger - Using 'UTF-8' encoding to copy filtered resources.
2023-05-23 15:55:24,249 [Worker-5: Building] INFO  o.e.m.c.i.embedder.EclipseLogger - skip non existing resourceDirectory C:\Users\Mani bharathi Raja\Desktop\SpringMVC\AppController\src\test\resources
2023-05-23 15:56:03,740 [Worker-5: Building] INFO  o.e.m.c.i.embedder.EclipseLogger - Using 'UTF-8' encoding to copy filtered resources.
2023-05-23 15:56:03,741 [Worker-5: Building] INFO  o.e.m.c.i.embedder.EclipseLogger - skip non existing resourceDirectory C:\Users\Mani bharathi Raja\Desktop\SpringMVC\AppController\src\main\resources
2023-05-23 15:56:03,746 [Worker-5: Building] INFO  o.e.m.c.i.embedder.EclipseLogger - Using 'UTF-8' encoding to copy filtered resources.
2023-05-23 15:56:03,746 [Worker-5: Building] INFO  o.e.m.c.i.embedder.EclipseLogger - skip non existing resourceDirectory C:\Users\Mani bharathi Raja\Desktop\SpringMVC\AppController\src\test\resources
2023-05-23 15:56:30,735 [Worker-5: Building] INFO  o.e.m.c.i.embedder.EclipseLogger - Using 'UTF-8' encoding to copy filtered resources.
2023-05-23 15:56:30,736 [Worker-5: Building] INFO  o.e.m.c.i.embedder.EclipseLogger - skip non existing resourceDirectory C:\Users\Mani bharathi Raja\Desktop\SpringMVC\AppController\src\main\resources
2023-05-23 15:56:30,742 [Worker-5: Building] INFO  o.e.m.c.i.embedder.EclipseLogger - Using 'UTF-8' encoding to copy filtered resources.
2023-05-23 15:56:30,743 [Worker-5: Building] INFO  o.e.m.c.i.embedder.EclipseLogger - skip non existing resourceDirectory C:\Users\Mani bharathi Raja\Desktop\SpringMVC\AppController\src\test\resources
2023-05-23 15:56:49,801 [Worker-20: Building] INFO  o.e.m.c.i.embedder.EclipseLogger - Using 'UTF-8' encoding to copy filtered resources.
2023-05-23 15:56:49,802 [Worker-20: Building] INFO  o.e.m.c.i.embedder.EclipseLogger - skip non existing resourceDirectory C:\Users\Mani bharathi Raja\Desktop\SpringMVC\AppController\src\main\resources
2023-05-23 15:56:49,807 [Worker-20: Building] INFO  o.e.m.c.i.embedder.EclipseLogger - Using 'UTF-8' encoding to copy filtered resources.
2023-05-23 15:56:49,808 [Worker-20: Building] INFO  o.e.m.c.i.embedder.EclipseLogger - skip non existing resourceDirectory C:\Users\Mani bharathi Raja\Desktop\SpringMVC\AppController\src\test\resources
2023-05-23 15:57:34,992 [Worker-20: Building] INFO  o.e.m.c.i.embedder.EclipseLogger - Using 'UTF-8' encoding to copy filtered resources.
2023-05-23 15:57:34,993 [Worker-20: Building] INFO  o.e.m.c.i.embedder.EclipseLogger - skip non existing resourceDirectory C:\Users\Mani bharathi Raja\Desktop\SpringMVC\AppController\src\main\resources
2023-05-23 15:57:35,001 [Worker-20: Building] INFO  o.e.m.c.i.embedder.EclipseLogger - Using 'UTF-8' encoding to copy filtered resources.
2023-05-23 15:57:35,002 [Worker-20: Building] INFO  o.e.m.c.i.embedder.EclipseLogger - skip non existing resourceDirectory C:\Users\Mani bharathi Raja\Desktop\SpringMVC\AppController\src\test\resources
2023-05-23 15:57:52,833 [Worker-30: Building] INFO  o.e.m.c.i.embedder.EclipseLogger - Using 'UTF-8' encoding to copy filtered resources.
2023-05-23 15:57:52,834 [Worker-30: Building] INFO  o.e.m.c.i.embedder.EclipseLogger - skip non existing resourceDirectory C:\Users\Mani bharathi Raja\Desktop\SpringMVC\AppController\src\main\resources
2023-05-23 15:57:52,843 [Worker-30: Building] INFO  o.e.m.c.i.embedder.EclipseLogger - Using 'UTF-8' encoding to copy filtered resources.
2023-05-23 15:57:52,844 [Worker-30: Building] INFO  o.e.m.c.i.embedder.EclipseLogger - skip non existing resourceDirectory C:\Users\Mani bharathi Raja\Desktop\SpringMVC\AppController\src\test\resources
2023-05-23 15:58:24,435 [Worker-31: Building] INFO  o.e.m.c.i.embedder.EclipseLogger - Using 'UTF-8' encoding to copy filtered resources.
2023-05-23 15:58:24,436 [Worker-31: Building] INFO  o.e.m.c.i.embedder.EclipseLogger - skip non existing resourceDirectory C:\Users\Mani bharathi Raja\Desktop\SpringMVC\AppController\src\main\resources
2023-05-23 15:58:24,441 [Worker-31: Building] INFO  o.e.m.c.i.embedder.EclipseLogger - Using 'UTF-8' encoding to copy filtered resources.
2023-05-23 15:58:24,441 [Worker-31: Building] INFO  o.e.m.c.i.embedder.EclipseLogger - skip non existing resourceDirectory C:\Users\Mani bharathi Raja\Desktop\SpringMVC\AppController\src\test\resources
2023-05-23 15:59:14,618 [Worker-29: Building] INFO  o.e.m.c.i.embedder.EclipseLogger - Using 'UTF-8' encoding to copy filtered resources.
2023-05-23 15:59:14,618 [Worker-29: Building] INFO  o.e.m.c.i.embedder.EclipseLogger - skip non existing resourceDirectory C:\Users\Mani bharathi Raja\Desktop\SpringMVC\AppController\src\main\resources
2023-05-23 15:59:14,626 [Worker-29: Building] INFO  o.e.m.c.i.embedder.EclipseLogger - Using 'UTF-8' encoding to copy filtered resources.
2023-05-23 15:59:14,626 [Worker-29: Building] INFO  o.e.m.c.i.embedder.EclipseLogger - skip non existing resourceDirectory C:\Users\Mani bharathi Raja\Desktop\SpringMVC\AppController\src\test\resources
2023-05-23 16:00:27,529 [Worker-31: Building] INFO  o.e.m.c.i.embedder.EclipseLogger - Using 'UTF-8' encoding to copy filtered resources.
2023-05-23 16:00:27,530 [Worker-31: Building] INFO  o.e.m.c.i.embedder.EclipseLogger - skip non existing resourceDirectory C:\Users\Mani bharathi Raja\Desktop\SpringMVC\AppController\src\main\resources
2023-05-23 16:00:27,538 [Worker-31: Building] INFO  o.e.m.c.i.embedder.EclipseLogger - Using 'UTF-8' encoding to copy filtered resources.
2023-05-23 16:00:27,540 [Worker-31: Building] INFO  o.e.m.c.i.embedder.EclipseLogger - skip non existing resourceDirectory C:\Users\Mani bharathi Raja\Desktop\SpringMVC\AppController\src\test\resources
2023-05-23 16:00:31,777 [Worker-28: Building] INFO  o.e.m.c.i.embedder.EclipseLogger - Using 'UTF-8' encoding to copy filtered resources.
2023-05-23 16:00:31,778 [Worker-28: Building] INFO  o.e.m.c.i.embedder.EclipseLogger - skip non existing resourceDirectory C:\Users\Mani bharathi Raja\Desktop\SpringMVC\AppController\src\main\resources
2023-05-23 16:00:31,783 [Worker-28: Building] INFO  o.e.m.c.i.embedder.EclipseLogger - Using 'UTF-8' encoding to copy filtered resources.
2023-05-23 16:00:31,784 [Worker-28: Building] INFO  o.e.m.c.i.embedder.EclipseLogger - skip non existing resourceDirectory C:\Users\Mani bharathi Raja\Desktop\SpringMVC\AppController\src\test\resources
2023-05-23 16:00:38,549 [Worker-5: Building] INFO  o.e.m.c.i.embedder.EclipseLogger - Using 'UTF-8' encoding to copy filtered resources.
2023-05-23 16:00:38,550 [Worker-5: Building] INFO  o.e.m.c.i.embedder.EclipseLogger - skip non existing resourceDirectory C:\Users\Mani bharathi Raja\Desktop\SpringMVC\AppController\src\main\resources
2023-05-23 16:00:38,556 [Worker-5: Building] INFO  o.e.m.c.i.embedder.EclipseLogger - Using 'UTF-8' encoding to copy filtered resources.
2023-05-23 16:00:38,557 [Worker-5: Building] INFO  o.e.m.c.i.embedder.EclipseLogger - skip non existing resourceDirectory C:\Users\Mani bharathi Raja\Desktop\SpringMVC\AppController\src\test\resources
2023-05-23 16:01:57,730 [Worker-20: Building] INFO  o.e.m.c.i.embedder.EclipseLogger - Using 'UTF-8' encoding to copy filtered resources.
2023-05-23 16:01:57,731 [Worker-20: Building] INFO  o.e.m.c.i.embedder.EclipseLogger - skip non existing resourceDirectory C:\Users\Mani bharathi Raja\Desktop\SpringMVC\AppController\src\main\resources
2023-05-23 16:01:57,737 [Worker-20: Building] INFO  o.e.m.c.i.embedder.EclipseLogger - Using 'UTF-8' encoding to copy filtered resources.
2023-05-23 16:01:57,738 [Worker-20: Building] INFO  o.e.m.c.i.embedder.EclipseLogger - skip non existing resourceDirectory C:\Users\Mani bharathi Raja\Desktop\SpringMVC\AppController\src\test\resources
2023-05-23 16:02:09,745 [Worker-28: Building] INFO  o.e.m.c.i.embedder.EclipseLogger - Using 'UTF-8' encoding to copy filtered resources.
2023-05-23 16:02:09,746 [Worker-28: Building] INFO  o.e.m.c.i.embedder.EclipseLogger - skip non existing resourceDirectory C:\Users\Mani bharathi Raja\Desktop\SpringMVC\AppController\src\main\resources
2023-05-23 16:02:09,752 [Worker-28: Building] INFO  o.e.m.c.i.embedder.EclipseLogger - Using 'UTF-8' encoding to copy filtered resources.
2023-05-23 16:02:09,753 [Worker-28: Building] INFO  o.e.m.c.i.embedder.EclipseLogger - skip non existing resourceDirectory C:\Users\Mani bharathi Raja\Desktop\SpringMVC\AppController\src\test\resources
2023-05-23 16:02:35,579 [Worker-31: Building] INFO  o.e.m.c.i.embedder.EclipseLogger - Using 'UTF-8' encoding to copy filtered resources.
2023-05-23 16:02:35,580 [Worker-31: Building] INFO  o.e.m.c.i.embedder.EclipseLogger - skip non existing resourceDirectory C:\Users\Mani bharathi Raja\Desktop\SpringMVC\AppController\src\main\resources
2023-05-23 16:02:35,591 [Worker-31: Building] INFO  o.e.m.c.i.embedder.EclipseLogger - Using 'UTF-8' encoding to copy filtered resources.
2023-05-23 16:02:35,591 [Worker-31: Building] INFO  o.e.m.c.i.embedder.EclipseLogger - skip non existing resourceDirectory C:\Users\Mani bharathi Raja\Desktop\SpringMVC\AppController\src\test\resources
2023-05-23 16:02:52,259 [Worker-28: Building] INFO  o.e.m.c.i.embedder.EclipseLogger - Using 'UTF-8' encoding to copy filtered resources.
2023-05-23 16:02:52,260 [Worker-28: Building] INFO  o.e.m.c.i.embedder.EclipseLogger - skip non existing resourceDirectory C:\Users\Mani bharathi Raja\Desktop\SpringMVC\AppController\src\main\resources
2023-05-23 16:02:52,265 [Worker-28: Building] INFO  o.e.m.c.i.embedder.EclipseLogger - Using 'UTF-8' encoding to copy filtered resources.
2023-05-23 16:02:52,265 [Worker-28: Building] INFO  o.e.m.c.i.embedder.EclipseLogger - skip non existing resourceDirectory C:\Users\Mani bharathi Raja\Desktop\SpringMVC\AppController\src\test\resources
2023-05-23 16:04:54,442 [Worker-30: Building] INFO  o.e.m.c.i.embedder.EclipseLogger - Using 'UTF-8' encoding to copy filtered resources.
2023-05-23 16:04:54,443 [Worker-30: Building] INFO  o.e.m.c.i.embedder.EclipseLogger - skip non existing resourceDirectory C:\Users\Mani bharathi Raja\Desktop\SpringMVC\AppController\src\main\resources
2023-05-23 16:04:54,449 [Worker-30: Building] INFO  o.e.m.c.i.embedder.EclipseLogger - Using 'UTF-8' encoding to copy filtered resources.
2023-05-23 16:04:54,450 [Worker-30: Building] INFO  o.e.m.c.i.embedder.EclipseLogger - skip non existing resourceDirectory C:\Users\Mani bharathi Raja\Desktop\SpringMVC\AppController\src\test\resources
2023-05-23 16:09:08,984 [Worker-2: Loading available Gradle versions] INFO  o.e.b.c.i.u.g.PublishedGradleVersions - Gradle version information cache is out-of-date. Trying to update.
2023-05-23 16:10:12,005 [Worker-0: Building] INFO  o.e.m.c.i.embedder.EclipseLogger - Using 'UTF-8' encoding to copy filtered resources.
2023-05-23 16:10:12,012 [Worker-0: Building] INFO  o.e.m.c.i.embedder.EclipseLogger - skip non existing resourceDirectory C:\Users\Mani bharathi Raja\Desktop\SpringMVC\AppController\src\main\resources
2023-05-23 16:10:12,028 [Worker-0: Building] INFO  o.e.m.c.i.embedder.EclipseLogger - Using 'UTF-8' encoding to copy filtered resources.
2023-05-23 16:10:12,029 [Worker-0: Building] INFO  o.e.m.c.i.embedder.EclipseLogger - skip non existing resourceDirectory C:\Users\Mani bharathi Raja\Desktop\SpringMVC\AppController\src\test\resources
2023-05-23 19:43:53,283 [Worker-2: Loading available Gradle versions] INFO  o.e.b.c.i.u.g.PublishedGradleVersions - Gradle version information cache is up-to-date. Trying to read.
2023-06-04 23:13:35,813 [Worker-2: Loading available Gradle versions] INFO  o.e.b.c.i.u.g.PublishedGradleVersions - Gradle version information cache is out-of-date. Trying to update.
2023-07-13 16:47:50,685 [Worker-1: Loading available Gradle versions] INFO  o.e.b.c.i.u.g.PublishedGradleVersions - Gradle version information cache is up-to-date. Trying to read.
